<?xml version="1.0" encoding="UTF-8"?>
<testng-results skipped="0" failed="0" total="22" passed="22">
  <reporter-output>
    <line>
      <![CDATA[1595523027933===api config path:E:\job\autoTestWeb\autoTestWeb\lianxin-autoTest\api-config.xml]]>
    </line>
    <line>
      <![CDATA[1595523028744===--- test start ---]]>
    </line>
    <line>
      <![CDATA[1595523028745===method:post]]>
    </line>
    <line>
      <![CDATA[1595523028745===url:http://cbt.shangjin618.com/lianxin-botserver/dialog/close]]>
    </line>
    <line>
      <![CDATA[1595523028745===param:{"channel": "02","token": "4DBA46139BBD395B8B846C4FEA320927C5AF505A36CC0EE96683CE53AB0D5F6C03"}]]>
    </line>
    <line>
      <![CDATA[1595523028978===返回状态码：200]]>
    </line>
    <line>
      <![CDATA[1595523028980===resp:{"code":"0000","msg":"交易成功","correlationID":"98eefaf3-c7c8-4b6a-a0cb-9c09f02c8c3e","appdata":{"chatId":null}}]]>
    </line>
    <line>
      <![CDATA[1595523028981===--- test start ---]]>
    </line>
    <line>
      <![CDATA[1595523028981===method:post]]>
    </line>
    <line>
      <![CDATA[1595523028981===url:http://cbt.shangjin618.com/lianxin-botserver/dialog/get]]>
    </line>
    <line>
      <![CDATA[1595523028981===param:{    "token": "4DBA46139BBD395B8B846C4FEA320927C5AF505A36CC0EE96683CE53AB0D5F6C03",    "channel": "02"}]]>
    </line>
    <line>
      <![CDATA[1595523029297===返回状态码：200]]>
    </line>
    <line>
      <![CDATA[1595523029298===resp:{"code":"0000","msg":"交易成功","correlationID":"8b56bd69-f878-4152-a168-fc280c1fee1e","appdata":{"chatId":"20190420181100010","allowBreak":true,"endDialog":false,"time":null,"dialogs":[{"says":[],"replys":[],"replyType":"02","rollbackStatus":"0","rollbackClear":"0","dialogId":"20200416000000104","replyTitle":"","replyDescription":""}],"currentTime":"2020-07-24 00:50:29","allowClose":true,"nextRequestChat":null,"dialogTitle":null,"description":null}}]]>
    </line>
    <line>
      <![CDATA[1595523029332===存储公共参数   currentChat值为：20190420181100010.]]>
    </line>
    <line>
      <![CDATA[1595523029334===存储公共参数   dialogId值为：20200416000000104.]]>
    </line>
    <line>
      <![CDATA[1595523029334===--- test start ---]]>
    </line>
    <line>
      <![CDATA[1595523029335===method:post]]>
    </line>
    <line>
      <![CDATA[1595523029335===url:http://cbt.shangjin618.com/lianxin-botserver/dialog/get]]>
    </line>
    <line>
      <![CDATA[1595523029335===param:{   "token": "4DBA46139BBD395B8B846C4FEA320927C5AF505A36CC0EE96683CE53AB0D5F6C03",    "channel": "02",    "currentChat": "20190420181100010",    "result": [        {            "result":"我好烦",            "replyType": "02",            "time": 10250,            "dialogId": "20200416000000104"        }    ],    "currentTime": "2020-07-18 15:31:16",    "timestamp": 1595057476775}]]>
    </line>
    <line>
      <![CDATA[1595523030819===返回状态码：200]]>
    </line>
    <line>
      <![CDATA[1595523030819===resp:{"code":"0000","msg":"交易成功","correlationID":"420f848a-8a31-4553-8b6d-557469e8cc34","appdata":{"chatId":"20190411200600001","allowBreak":false,"endDialog":false,"time":null,"dialogs":[{"says":[],"replys":[],"replyType":"01","rollbackStatus":"0","rollbackClear":"0","dialogId":"2020010300129856","replyTitle":null,"replyDescription":null}],"currentTime":"2020-07-24 00:50:31","allowClose":true,"nextRequestChat":null,"dialogTitle":"心理疗愈中","description":null}}]]>
    </line>
    <line>
      <![CDATA[1595523030819===存储公共参数   currentChat值为：20190411200600001.]]>
    </line>
    <line>
      <![CDATA[1595523030819===存储公共参数   dialogId值为：2020010300129856.]]>
    </line>
    <line>
      <![CDATA[1595523030820===--- test start ---]]>
    </line>
    <line>
      <![CDATA[1595523030820===method:post]]>
    </line>
    <line>
      <![CDATA[1595523030820===url:http://cbt.shangjin618.com/lianxin-botserver/dialog/get]]>
    </line>
    <line>
      <![CDATA[1595523030820===param:{   "token": "4DBA46139BBD395B8B846C4FEA320927C5AF505A36CC0EE96683CE53AB0D5F6C03",    "channel": "02",    "currentChat": "20190411200600001"}]]>
    </line>
    <line>
      <![CDATA[1595523031586===返回状态码：200]]>
    </line>
    <line>
      <![CDATA[1595523031586===resp:{"code":"0000","msg":"交易成功","correlationID":"fe58bb62-ffe1-4b15-8c7f-240b8839597a","appdata":{"chatId":"20190411200600001","allowBreak":false,"endDialog":false,"time":null,"dialogs":[{"says":[{"itemId":"2020011001495473","content":"听起来你有些<word word=\"焦虑\"/>，是发生了什么事情吗？","voiceUrl":"https://metis-storm-test.oss-cn-hangzhou.aliyuncs.com/f689c730-07af-4f95-a47a-b3218171614c.mp3","voiceLength":"4","render":"01","deal":null,"param":null}],"replys":[{"itemId":"2020011001495482","content":"没发生什么，就是心烦","voiceUrl":null,"voiceLength":null,"render":"01","deal":null,"param":null}],"replyType":"06","rollbackStatus":"1","rollbackClear":"0","dialogId":"2020011001495460","replyTitle":"","replyDescription":null}],"currentTime":"2020-07-24 00:50:32","allowClose":true,"nextRequestChat":null,"dialogTitle":"心理疗愈中","description":null}}]]>
    </line>
    <line>
      <![CDATA[1595523031587===存储公共参数   currentChat值为：20190411200600001.]]>
    </line>
    <line>
      <![CDATA[1595523031587===存储公共参数   dialogId值为：2020011001495460.]]>
    </line>
    <line>
      <![CDATA[1595523031588===存储公共参数   result值为：[[{"itemId":"2020011001495482","render":"01","content":"没发生什么，就是心烦"}]].]]>
    </line>
    <line>
      <![CDATA[1595523031594===存储公共参数   ItemId值为：2020011001495482.]]>
    </line>
    <line>
      <![CDATA[1595523031594===--- test start ---]]>
    </line>
    <line>
      <![CDATA[1595523031594===method:post]]>
    </line>
    <line>
      <![CDATA[1595523031594===url:http://cbt.shangjin618.com/lianxin-botserver/dialog/get]]>
    </line>
    <line>
      <![CDATA[1595523031594===param:{    "token": "4DBA46139BBD395B8B846C4FEA320927C5AF505A36CC0EE96683CE53AB0D5F6C03",    "channel": "02",    "currentChat": "20190411200600001",    "result": [        {            "result": "2020011001495482",            "replyType": "01",            "dialogId": "2020011001495460"        }    ]}]]>
    </line>
    <line>
      <![CDATA[1595523032558===返回状态码：200]]>
    </line>
    <line>
      <![CDATA[1595523032558===resp:{"code":"0000","msg":"交易成功","correlationID":"c2e43962-63ff-4208-98ff-4f20defe0e9e","appdata":{"chatId":"20190411200600001","allowBreak":false,"endDialog":false,"time":null,"dialogs":[{"says":[{"itemId":"2020011001495522","content":"心烦确实让人不好受啊~","voiceUrl":"https://metis-storm-test.oss-cn-hangzhou.aliyuncs.com/9ff906f3-c467-4c5d-88cc-a42112406697.mp3","voiceLength":"3","render":"01","deal":null,"param":null},{"itemId":"2020011001495531","content":"如果用<word word=\"情绪\"/>温度计量一量你现在的<word word=\"焦虑\"/>，你会给它打几分呢？","voiceUrl":"https://metis-storm-test.oss-cn-hangzhou.aliyuncs.com/deccb76d-2ed9-4cfe-ad5a-71a2de202953.mp3","voiceLength":"6","render":"01","deal":null,"param":null}],"replys":[{"itemId":"2020011301505585","content":"情绪温度计（分）","voiceUrl":null,"voiceLength":null,"render":"01","deal":null,"param":{"list":[{"min":"0","max":"1","text":"非常平静"},{"min":"1","max":"5","text":"有些焦虑"},{"min":"5","max":"8","text":"非常焦虑"},{"min":"8","max":"11","text":"极度焦虑"}]}}],"replyType":"20","rollbackStatus":"1","rollbackClear":"0","dialogId":"2020011001495507","replyTitle":"","replyDescription":null}],"currentTime":"2020-07-24 00:50:33","allowClose":true,"nextRequestChat":null,"dialogTitle":"心理疗愈中","description":null}}]]>
    </line>
    <line>
      <![CDATA[1595523032559===存储公共参数   currentChat值为：20190411200600001.]]>
    </line>
    <line>
      <![CDATA[1595523032559===存储公共参数   dialogId值为：2020011001495507.]]>
    </line>
    <line>
      <![CDATA[1595523032559===存储公共参数   result值为：[[{"itemId":"2020011301505585","param":{"list":[{"min":"0","max":"1","text":"非常平静"},{"min":"1","max":"5","text":"有些焦虑"},{"min":"5","max":"8","text":"非常焦虑"},{"min":"8","max":"11","text":"极度焦虑"}]},"render":"01","content":"情绪温度计（分）"}]].]]>
    </line>
    <line>
      <![CDATA[1595523032560===存储公共参数   ItemId值为：null.]]>
    </line>
    <line>
      <![CDATA[1595523032560===--- test start ---]]>
    </line>
    <line>
      <![CDATA[1595523032560===method:post]]>
    </line>
    <line>
      <![CDATA[1595523032561===url:http://cbt.shangjin618.com/lianxin-botserver/dialog/get]]>
    </line>
    <line>
      <![CDATA[1595523032561===param:{   "token": "4DBA46139BBD395B8B846C4FEA320927C5AF505A36CC0EE96683CE53AB0D5F6C03",    "channel": "02",    "currentChat": "20190411200600001",    "result": [        {            "result":"5",            "replyType": "02",            "time": 10250,            "dialogId": "2020011001495507"        }    ],    "currentTime": "2020-07-18 15:31:16",    "timestamp": 1595057476775}]]>
    </line>
    <line>
      <![CDATA[1595523033669===返回状态码：200]]>
    </line>
    <line>
      <![CDATA[1595523033669===resp:{"code":"0000","msg":"交易成功","correlationID":"99468e57-3838-4bd7-ace3-cbd47c0716d2","appdata":{"chatId":"20190411200600001","allowBreak":false,"endDialog":false,"time":null,"dialogs":[{"says":[{"itemId":"2020011301507347","content":"嗯，5分，看来你有些担心和着急。别担心，无论发生什么，我会陪你一起面对的！","voiceUrl":"http://cbt.shangjin618.com/lianxin-botserver/voice/translate?voiceId=2020060202789311","voiceLength":"8","render":"01","deal":null,"param":null},{"itemId":"2020030301923581","content":"https://file.shangjinuu.com/cbt/imgs/20200303134928392.png","voiceUrl":null,"voiceLength":null,"render":"03","deal":null,"param":null},{"itemId":"2020011301507362","content":"不知道这种<word word=\"情绪\"/>持续多久了呢？","voiceUrl":"https://metis-storm-test.oss-cn-hangzhou.aliyuncs.com/f5629280-d42c-4824-9be5-453a719389ff.mp3","voiceLength":"3","render":"01","deal":null,"param":null}],"replys":[{"itemId":"2020011401530803","content":"最近几天","voiceUrl":null,"voiceLength":null,"render":"01","deal":null,"param":null},{"itemId":"2020042302277471","content":"不到1个月","voiceUrl":null,"voiceLength":null,"render":"01","deal":null,"param":null},{"itemId":"2020011401530804","content":"1-3个月","voiceUrl":null,"voiceLength":null,"render":"01","deal":null,"param":null},{"itemId":"2020042302277427","content":"4-6个月","voiceUrl":null,"voiceLength":null,"render":"01","deal":null,"param":null},{"itemId":"2020042302277445","content":"半年以上","voiceUrl":null,"voiceLength":null,"render":"01","deal":null,"param":null}],"replyType":"01","rollbackStatus":"1","rollbackClear":"0","dialogId":"2020011301507336","replyTitle":"","replyDescription":null}],"currentTime":"2020-07-24 00:50:34","allowClose":true,"nextRequestChat":null,"dialogTitle":"心理疗愈中","description":null}}]]>
    </line>
    <line>
      <![CDATA[1595523033669===存储公共参数   currentChat值为：20190411200600001.]]>
    </line>
    <line>
      <![CDATA[1595523033669===存储公共参数   dialogId值为：2020011301507336.]]>
    </line>
    <line>
      <![CDATA[1595523033670===存储公共参数   result值为：[[{"itemId":"2020011401530803","render":"01","content":"最近几天"},{"itemId":"2020042302277471","render":"01","content":"不到1个月"},{"itemId":"2020011401530804","render":"01","content":"1-3个月"},{"itemId":"2020042302277427","render":"01","content":"4-6个月"},{"itemId":"2020042302277445","render":"01","content":"半年以上"}]].]]>
    </line>
    <line>
      <![CDATA[1595523033670===存储公共参数   ItemId值为：2020042302277471.]]>
    </line>
    <line>
      <![CDATA[1595523033670===--- test start ---]]>
    </line>
    <line>
      <![CDATA[1595523033671===method:post]]>
    </line>
    <line>
      <![CDATA[1595523033671===url:http://cbt.shangjin618.com/lianxin-botserver/dialog/get]]>
    </line>
    <line>
      <![CDATA[1595523033671===param:{    "token": "4DBA46139BBD395B8B846C4FEA320927C5AF505A36CC0EE96683CE53AB0D5F6C03",    "channel": "02",    "currentChat": "20190411200600001",    "result": [        {            "result": "2020042302277471",            "replyType": "01",            "dialogId": "2020011301507336"        }    ]}]]>
    </line>
    <line>
      <![CDATA[1595523034730===返回状态码：200]]>
    </line>
    <line>
      <![CDATA[1595523034731===resp:{"code":"0000","msg":"交易成功","correlationID":"4317edee-2947-438c-a41c-cbb9b057676e","appdata":{"chatId":"20190411200600001","allowBreak":false,"endDialog":false,"time":null,"dialogs":[{"says":[{"itemId":"2020011301507456","content":"嗯嗯，那么接下来你是希望我帮你调节<word word=\"情绪\"/>，还是只是想和我聊聊呢？","voiceUrl":"https://metis-storm-test.oss-cn-hangzhou.aliyuncs.com/6ec9f3f0-0ee1-488c-8b76-01ea66f28c07.mp3","voiceLength":"7","render":"01","deal":null,"param":null}],"replys":[{"itemId":"2020011301507465","content":"帮我调节情绪","voiceUrl":null,"voiceLength":null,"render":"01","deal":null,"param":null},{"itemId":"2020011301507472","content":"随便聊聊就好","voiceUrl":null,"voiceLength":null,"render":"01","deal":null,"param":null}],"replyType":"01","rollbackStatus":"1","rollbackClear":"0","dialogId":"2020011301507443","replyTitle":"","replyDescription":null}],"currentTime":"2020-07-24 00:50:35","allowClose":true,"nextRequestChat":null,"dialogTitle":"心理疗愈中","description":null}}]]>
    </line>
    <line>
      <![CDATA[1595523034731===存储公共参数   currentChat值为：20190411200600001.]]>
    </line>
    <line>
      <![CDATA[1595523034732===存储公共参数   dialogId值为：2020011301507443.]]>
    </line>
    <line>
      <![CDATA[1595523034732===存储公共参数   result值为：[[{"itemId":"2020011301507465","render":"01","content":"帮我调节情绪"},{"itemId":"2020011301507472","render":"01","content":"随便聊聊就好"}]].]]>
    </line>
    <line>
      <![CDATA[1595523034732===存储公共参数   ItemId值为：2020011301507465.]]>
    </line>
    <line>
      <![CDATA[1595523034732===--- test start ---]]>
    </line>
    <line>
      <![CDATA[1595523034732===method:post]]>
    </line>
    <line>
      <![CDATA[1595523034732===url:http://cbt.shangjin618.com/lianxin-botserver/dialog/get]]>
    </line>
    <line>
      <![CDATA[1595523034732===param:{    "token": "4DBA46139BBD395B8B846C4FEA320927C5AF505A36CC0EE96683CE53AB0D5F6C03",    "channel": "02",    "currentChat": "20190411200600001",    "result": [        {            "result": "2020011301507465",            "replyType": "01",            "dialogId": "2020011301507443"        }    ]}]]>
    </line>
    <line>
      <![CDATA[1595523035964===返回状态码：200]]>
    </line>
    <line>
      <![CDATA[1595523035964===resp:{"code":"0000","msg":"交易成功","correlationID":"190220fd-eb62-4a24-ad22-d7292f3dd1e0","appdata":{"chatId":"20190411200600001","allowBreak":false,"endDialog":false,"time":null,"dialogs":[{"says":[{"itemId":"2020011301506003","content":"那现在最让你<word word=\"焦虑\"/>或者说担心的是什么呢？","voiceUrl":"https://metis-storm-test.oss-cn-hangzhou.aliyuncs.com/f41997fb-456d-4b32-bd92-aba1838f9360.mp3","voiceLength":"4","render":"01","deal":null,"param":null}],"replys":[{"itemId":"2020011301506491","content":"身体不健康","voiceUrl":null,"voiceLength":null,"render":"01","deal":null,"param":null},{"itemId":"2020011301506498","content":"死亡","voiceUrl":null,"voiceLength":null,"render":"01","deal":null,"param":null},{"itemId":"2020011301506506","content":"和人相处","voiceUrl":null,"voiceLength":null,"render":"01","deal":null,"param":null},{"itemId":"2020011301506513","content":"我没价值","voiceUrl":null,"voiceLength":null,"render":"01","deal":null,"param":null},{"itemId":"2020011301506520","content":"我不可爱","voiceUrl":null,"voiceLength":null,"render":"01","deal":null,"param":null},{"itemId":"2020011301506527","content":"怕某个人/事/物","voiceUrl":null,"voiceLength":null,"render":"01","deal":null,"param":null},{"itemId":"2020030201908836","content":"说不清","voiceUrl":null,"voiceLength":null,"render":"01","deal":null,"param":null}],"replyType":"06","rollbackStatus":"1","rollbackClear":"0","dialogId":"2020011301505986","replyTitle":"","replyDescription":null}],"currentTime":"2020-07-24 00:50:36","allowClose":true,"nextRequestChat":null,"dialogTitle":"心理疗愈中","description":null}}]]>
    </line>
    <line>
      <![CDATA[1595523035965===存储公共参数   currentChat值为：20190411200600001.]]>
    </line>
    <line>
      <![CDATA[1595523035965===存储公共参数   dialogId值为：2020011301505986.]]>
    </line>
    <line>
      <![CDATA[1595523035965===存储公共参数   result值为：[[{"itemId":"2020011301506491","render":"01","content":"身体不健康"},{"itemId":"2020011301506498","render":"01","content":"死亡"},{"itemId":"2020011301506506","render":"01","content":"和人相处"},{"itemId":"2020011301506513","render":"01","content":"我没价值"},{"itemId":"2020011301506520","render":"01","content":"我不可爱"},{"itemId":"2020011301506527","render":"01","content":"怕某个人/事/物"},{"itemId":"2020030201908836","render":"01","content":"说不清"}]].]]>
    </line>
    <line>
      <![CDATA[1595523035966===存储公共参数   ItemId值为：2020011301506491.]]>
    </line>
    <line>
      <![CDATA[1595523035966===--- test start ---]]>
    </line>
    <line>
      <![CDATA[1595523035966===method:post]]>
    </line>
    <line>
      <![CDATA[1595523035966===url:http://cbt.shangjin618.com/lianxin-botserver/dialog/get]]>
    </line>
    <line>
      <![CDATA[1595523035966===param:{    "token": "4DBA46139BBD395B8B846C4FEA320927C5AF505A36CC0EE96683CE53AB0D5F6C03",    "channel": "02",    "currentChat": "20190411200600001",    "result": [        {            "result": "2020011301506491",            "replyType": "01",            "dialogId": "2020011301505986"        }    ]}]]>
    </line>
    <line>
      <![CDATA[1595523037600===返回状态码：200]]>
    </line>
    <line>
      <![CDATA[1595523037600===resp:{"code":"0000","msg":"交易成功","correlationID":"25b2925f-7a6e-4c74-9ac4-77f6dfc598e5","appdata":{"chatId":"20190411200600001","allowBreak":false,"endDialog":false,"time":null,"dialogs":[{"says":[{"itemId":"2020031001985115","content":"嗯嗯，所以你现在最担心的是自己的健康。","voiceUrl":"https://metis-storm-test.oss-cn-hangzhou.aliyuncs.com/c751ef2f-fe1a-4a07-a5e5-fbe0629ad532.mp3","voiceLength":"4","render":"01","deal":null,"param":null},{"itemId":"2020033102134667","content":"能具体说说吗？比如这种担心源于你出现了哪些症状，或是是感到哪里不太舒服？","voiceUrl":"https://metis-storm-test.oss-cn-hangzhou.aliyuncs.com/08a970f8-06c7-460f-9ae8-1a6f01f2726f.mp3","voiceLength":"8","render":"01","deal":null,"param":null}],"replys":[{"itemId":"2020031001985130","content":"呕吐","voiceUrl":null,"voiceLength":null,"render":"01","deal":null,"param":null},{"itemId":"2020031001985140","content":"心悸","voiceUrl":null,"voiceLength":null,"render":"01","deal":null,"param":null},{"itemId":"2020031001985147","content":"气喘","voiceUrl":null,"voiceLength":null,"render":"01","deal":null,"param":null},{"itemId":"2020031001985159","content":"尿频","voiceUrl":null,"voiceLength":null,"render":"01","deal":null,"param":null},{"itemId":"2020031001985166","content":"多汗","voiceUrl":null,"voiceLength":null,"render":"01","deal":null,"param":null},{"itemId":"2020031001985181","content":"说不上来，就是不舒服","voiceUrl":null,"voiceLength":null,"render":"01","deal":null,"param":null}],"replyType":"06","rollbackStatus":"1","rollbackClear":"0","dialogId":"2020031001985102","replyTitle":"","replyDescription":null}],"currentTime":"2020-07-24 00:50:38","allowClose":true,"nextRequestChat":null,"dialogTitle":"心理疗愈中","description":null}}]]>
    </line>
    <line>
      <![CDATA[1595523037600===存储公共参数   currentChat值为：20190411200600001.]]>
    </line>
    <line>
      <![CDATA[1595523037600===存储公共参数   dialogId值为：2020031001985102.]]>
    </line>
    <line>
      <![CDATA[1595523037601===存储公共参数   result值为：[[{"itemId":"2020031001985130","render":"01","content":"呕吐"},{"itemId":"2020031001985140","render":"01","content":"心悸"},{"itemId":"2020031001985147","render":"01","content":"气喘"},{"itemId":"2020031001985159","render":"01","content":"尿频"},{"itemId":"2020031001985166","render":"01","content":"多汗"},{"itemId":"2020031001985181","render":"01","content":"说不上来，就是不舒服"}]].]]>
    </line>
    <line>
      <![CDATA[1595523037601===存储公共参数   ItemId值为：2020031001985130.]]>
    </line>
    <line>
      <![CDATA[1595523037601===--- test start ---]]>
    </line>
    <line>
      <![CDATA[1595523037601===method:post]]>
    </line>
    <line>
      <![CDATA[1595523037602===url:http://cbt.shangjin618.com/lianxin-botserver/dialog/get]]>
    </line>
    <line>
      <![CDATA[1595523037602===param:{    "token": "4DBA46139BBD395B8B846C4FEA320927C5AF505A36CC0EE96683CE53AB0D5F6C03",    "channel": "02",    "currentChat": "20190411200600001",    "result": [        {            "result": "2020031001985130",            "replyType": "01",            "dialogId": "2020031001985102"        }    ]}]]>
    </line>
    <line>
      <![CDATA[1595523038731===返回状态码：200]]>
    </line>
    <line>
      <![CDATA[1595523038731===resp:{"code":"0000","msg":"交易成功","correlationID":"f4be5a27-7e1b-4465-b1f5-adf86c9caab7","appdata":{"chatId":"20190411200600001","allowBreak":false,"endDialog":false,"time":null,"dialogs":[{"says":[{"itemId":"2020031101997350","content":"嗯，那这种状况持续多久了呢？或者说每天发作的频次有多少？","voiceUrl":"https://metis-storm-test.oss-cn-hangzhou.aliyuncs.com/81da978a-ecbb-4031-aded-9d0e92e494d6.mp3","voiceLength":"6","render":"01","deal":null,"param":null}],"replys":[],"replyType":"02","rollbackStatus":"1","rollbackClear":"0","dialogId":"2020031101997321","replyTitle":"","replyDescription":null}],"currentTime":"2020-07-24 00:50:39","allowClose":true,"nextRequestChat":null,"dialogTitle":"心理疗愈中","description":null}}]]>
    </line>
    <line>
      <![CDATA[1595523038732===存储公共参数   currentChat值为：20190411200600001.]]>
    </line>
    <line>
      <![CDATA[1595523038732===存储公共参数   dialogId值为：2020031101997321.]]>
    </line>
    <line>
      <![CDATA[1595523038732===存储公共参数   result值为：[[]].]]>
    </line>
    <line>
      <![CDATA[1595523038732===存储公共参数   ItemId值为：null.]]>
    </line>
    <line>
      <![CDATA[1595523038732===--- test start ---]]>
    </line>
    <line>
      <![CDATA[1595523038732===method:post]]>
    </line>
    <line>
      <![CDATA[1595523038733===url:http://cbt.shangjin618.com/lianxin-botserver/dialog/get]]>
    </line>
    <line>
      <![CDATA[1595523038733===param:{   "token": "4DBA46139BBD395B8B846C4FEA320927C5AF505A36CC0EE96683CE53AB0D5F6C03",    "channel": "02",    "currentChat": "20190411200600001",    "result": [        {            "result":"1个月",            "replyType": "02",            "time": 10250,            "dialogId": "2020031101997321"        }    ],    "currentTime": "2020-07-18 15:31:16",    "timestamp": 1595057476775}]]>
    </line>
    <line>
      <![CDATA[1595523039893===返回状态码：200]]>
    </line>
    <line>
      <![CDATA[1595523039893===resp:{"code":"0000","msg":"交易成功","correlationID":"7e4ba8e3-6c54-4c5e-af73-647213501440","appdata":{"chatId":"20190411200600001","allowBreak":false,"endDialog":false,"time":null,"dialogs":[{"says":[{"itemId":"2020031001985365","content":"嗯，我能感受到这种不舒服带给你的影响，也难怪你会担心。","voiceUrl":"https://metis-storm-test.oss-cn-hangzhou.aliyuncs.com/0a045020-1ec2-4681-a562-22fcf8ad7648.mp3","voiceLength":"6","render":"01","deal":null,"param":null}],"replys":[],"replyType":"01","rollbackStatus":"1","rollbackClear":"0","dialogId":"2020031001985344","replyTitle":"","replyDescription":null}],"currentTime":"2020-07-24 00:50:40","allowClose":true,"nextRequestChat":null,"dialogTitle":"心理疗愈中","description":null}}]]>
    </line>
    <line>
      <![CDATA[1595523039893===存储公共参数   currentChat值为：20190411200600001.]]>
    </line>
    <line>
      <![CDATA[1595523039893===存储公共参数   dialogId值为：2020031001985344.]]>
    </line>
    <line>
      <![CDATA[1595523039893===存储公共参数   result值为：[[]].]]>
    </line>
    <line>
      <![CDATA[1595523039894===存储公共参数   ItemId值为：null.]]>
    </line>
    <line>
      <![CDATA[1595523039894===--- test start ---]]>
    </line>
    <line>
      <![CDATA[1595523039894===method:post]]>
    </line>
    <line>
      <![CDATA[1595523039894===url:http://cbt.shangjin618.com/lianxin-botserver/dialog/close]]>
    </line>
    <line>
      <![CDATA[1595523039894===param:{"channel": "02","token": "4DBA46139BBD395B8B846C4FEA320927C5AF505A36CC0EE96683CE53AB0D5F6C03"}]]>
    </line>
    <line>
      <![CDATA[1595523040067===返回状态码：200]]>
    </line>
    <line>
      <![CDATA[1595523040067===resp:{"code":"0000","msg":"交易成功","correlationID":"4a54a728-bbeb-4881-b308-66d8921048b6","appdata":{"chatId":null}}]]>
    </line>
    <line>
      <![CDATA[1595523040067===--- test start ---]]>
    </line>
    <line>
      <![CDATA[1595523040067===method:post]]>
    </line>
    <line>
      <![CDATA[1595523040067===url:http://cbt.shangjin618.com/lianxin-botserver/dialog/get]]>
    </line>
    <line>
      <![CDATA[1595523040067===param:{    "token": "4DBA46139BBD395B8B846C4FEA320927C5AF505A36CC0EE96683CE53AB0D5F6C03",    "channel": "02"}]]>
    </line>
    <line>
      <![CDATA[1595523040518===返回状态码：200]]>
    </line>
    <line>
      <![CDATA[1595523040519===resp:{"code":"0000","msg":"交易成功","correlationID":"ff5e5f71-5b31-46b2-bed0-8055348c1c02","appdata":{"chatId":"20190420181100010","allowBreak":true,"endDialog":false,"time":null,"dialogs":[{"says":[],"replys":[],"replyType":"02","rollbackStatus":"0","rollbackClear":"0","dialogId":"20200416000000104","replyTitle":"","replyDescription":""}],"currentTime":"2020-07-24 00:50:41","allowClose":true,"nextRequestChat":null,"dialogTitle":null,"description":null}}]]>
    </line>
    <line>
      <![CDATA[1595523040519===存储公共参数   currentChat值为：20190420181100010.]]>
    </line>
    <line>
      <![CDATA[1595523040519===存储公共参数   dialogId值为：20200416000000104.]]>
    </line>
    <line>
      <![CDATA[1595523040519===--- test start ---]]>
    </line>
    <line>
      <![CDATA[1595523040519===method:post]]>
    </line>
    <line>
      <![CDATA[1595523040519===url:http://cbt.shangjin618.com/lianxin-botserver/dialog/get]]>
    </line>
    <line>
      <![CDATA[1595523040519===param:{   "token": "4DBA46139BBD395B8B846C4FEA320927C5AF505A36CC0EE96683CE53AB0D5F6C03",    "channel": "02",    "currentChat": "20190420181100010",    "result": [        {            "result":"我好烦",            "replyType": "02",            "time": 10250,            "dialogId": "20200416000000104"        }    ],    "currentTime": "2020-07-18 15:31:16",    "timestamp": 1595057476775}]]>
    </line>
    <line>
      <![CDATA[1595523041872===返回状态码：200]]>
    </line>
    <line>
      <![CDATA[1595523041872===resp:{"code":"0000","msg":"交易成功","correlationID":"0666c86a-834d-4041-bef9-28a244332a9f","appdata":{"chatId":"20190411200600001","allowBreak":false,"endDialog":false,"time":null,"dialogs":[{"says":[],"replys":[],"replyType":"01","rollbackStatus":"0","rollbackClear":"0","dialogId":"2020010300129856","replyTitle":null,"replyDescription":null}],"currentTime":"2020-07-24 00:50:42","allowClose":true,"nextRequestChat":null,"dialogTitle":"心理疗愈中","description":null}}]]>
    </line>
    <line>
      <![CDATA[1595523041872===存储公共参数   currentChat值为：20190411200600001.]]>
    </line>
    <line>
      <![CDATA[1595523041872===存储公共参数   dialogId值为：2020010300129856.]]>
    </line>
    <line>
      <![CDATA[1595523041872===--- test start ---]]>
    </line>
    <line>
      <![CDATA[1595523041872===method:post]]>
    </line>
    <line>
      <![CDATA[1595523041872===url:http://cbt.shangjin618.com/lianxin-botserver/dialog/get]]>
    </line>
    <line>
      <![CDATA[1595523041873===param:{   "token": "4DBA46139BBD395B8B846C4FEA320927C5AF505A36CC0EE96683CE53AB0D5F6C03",    "channel": "02",    "currentChat": "20190411200600001"}]]>
    </line>
    <line>
      <![CDATA[1595523042507===返回状态码：200]]>
    </line>
    <line>
      <![CDATA[1595523042507===resp:{"code":"0000","msg":"交易成功","correlationID":"03c9a4d0-624e-451e-bf93-16173fa84ed5","appdata":{"chatId":"20190411200600001","allowBreak":false,"endDialog":false,"time":null,"dialogs":[{"says":[{"itemId":"2020011001495473","content":"听起来你有些<word word=\"焦虑\"/>，是发生了什么事情吗？","voiceUrl":"https://metis-storm-test.oss-cn-hangzhou.aliyuncs.com/f689c730-07af-4f95-a47a-b3218171614c.mp3","voiceLength":"4","render":"01","deal":null,"param":null}],"replys":[{"itemId":"2020011001495482","content":"没发生什么，就是心烦","voiceUrl":null,"voiceLength":null,"render":"01","deal":null,"param":null}],"replyType":"06","rollbackStatus":"1","rollbackClear":"0","dialogId":"2020011001495460","replyTitle":"","replyDescription":null}],"currentTime":"2020-07-24 00:50:43","allowClose":true,"nextRequestChat":null,"dialogTitle":"心理疗愈中","description":null}}]]>
    </line>
    <line>
      <![CDATA[1595523042507===存储公共参数   currentChat值为：20190411200600001.]]>
    </line>
    <line>
      <![CDATA[1595523042507===存储公共参数   dialogId值为：2020011001495460.]]>
    </line>
    <line>
      <![CDATA[1595523042508===存储公共参数   result值为：[[{"itemId":"2020011001495482","render":"01","content":"没发生什么，就是心烦"}]].]]>
    </line>
    <line>
      <![CDATA[1595523042508===存储公共参数   ItemId值为：2020011001495482.]]>
    </line>
    <line>
      <![CDATA[1595523042508===--- test start ---]]>
    </line>
    <line>
      <![CDATA[1595523042508===method:post]]>
    </line>
    <line>
      <![CDATA[1595523042508===url:http://cbt.shangjin618.com/lianxin-botserver/dialog/get]]>
    </line>
    <line>
      <![CDATA[1595523042508===param:{    "token": "4DBA46139BBD395B8B846C4FEA320927C5AF505A36CC0EE96683CE53AB0D5F6C03",    "channel": "02",    "currentChat": "20190411200600001",    "result": [        {            "result": "2020011001495482",            "replyType": "01",            "dialogId": "2020011001495460"        }    ]}]]>
    </line>
    <line>
      <![CDATA[1595523043398===返回状态码：200]]>
    </line>
    <line>
      <![CDATA[1595523043398===resp:{"code":"0000","msg":"交易成功","correlationID":"6ac10282-ef6d-4b4b-aa85-7b1ad40a7215","appdata":{"chatId":"20190411200600001","allowBreak":false,"endDialog":false,"time":null,"dialogs":[{"says":[{"itemId":"2020011001495522","content":"心烦确实让人不好受啊~","voiceUrl":"https://metis-storm-test.oss-cn-hangzhou.aliyuncs.com/9ff906f3-c467-4c5d-88cc-a42112406697.mp3","voiceLength":"3","render":"01","deal":null,"param":null},{"itemId":"2020011001495531","content":"如果用<word word=\"情绪\"/>温度计量一量你现在的<word word=\"焦虑\"/>，你会给它打几分呢？","voiceUrl":"https://metis-storm-test.oss-cn-hangzhou.aliyuncs.com/deccb76d-2ed9-4cfe-ad5a-71a2de202953.mp3","voiceLength":"6","render":"01","deal":null,"param":null}],"replys":[{"itemId":"2020011301505585","content":"情绪温度计（分）","voiceUrl":null,"voiceLength":null,"render":"01","deal":null,"param":{"list":[{"min":"0","max":"1","text":"非常平静"},{"min":"1","max":"5","text":"有些焦虑"},{"min":"5","max":"8","text":"非常焦虑"},{"min":"8","max":"11","text":"极度焦虑"}]}}],"replyType":"20","rollbackStatus":"1","rollbackClear":"0","dialogId":"2020011001495507","replyTitle":"","replyDescription":null}],"currentTime":"2020-07-24 00:50:43","allowClose":true,"nextRequestChat":null,"dialogTitle":"心理疗愈中","description":null}}]]>
    </line>
    <line>
      <![CDATA[1595523043398===存储公共参数   currentChat值为：20190411200600001.]]>
    </line>
    <line>
      <![CDATA[1595523043398===存储公共参数   dialogId值为：2020011001495507.]]>
    </line>
    <line>
      <![CDATA[1595523043398===存储公共参数   result值为：[[{"itemId":"2020011301505585","param":{"list":[{"min":"0","max":"1","text":"非常平静"},{"min":"1","max":"5","text":"有些焦虑"},{"min":"5","max":"8","text":"非常焦虑"},{"min":"8","max":"11","text":"极度焦虑"}]},"render":"01","content":"情绪温度计（分）"}]].]]>
    </line>
    <line>
      <![CDATA[1595523043399===存储公共参数   ItemId值为：null.]]>
    </line>
    <line>
      <![CDATA[1595523043399===--- test start ---]]>
    </line>
    <line>
      <![CDATA[1595523043399===method:post]]>
    </line>
    <line>
      <![CDATA[1595523043399===url:http://cbt.shangjin618.com/lianxin-botserver/dialog/get]]>
    </line>
    <line>
      <![CDATA[1595523043399===param:{   "token": "4DBA46139BBD395B8B846C4FEA320927C5AF505A36CC0EE96683CE53AB0D5F6C03",    "channel": "02",    "currentChat": "20190411200600001",    "result": [        {            "result":"5",            "replyType": "02",            "time": 10250,            "dialogId": "2020011001495507"        }    ],    "currentTime": "2020-07-18 15:31:16",    "timestamp": 1595057476775}]]>
    </line>
    <line>
      <![CDATA[1595523044668===返回状态码：200]]>
    </line>
    <line>
      <![CDATA[1595523044668===resp:{"code":"0000","msg":"交易成功","correlationID":"0df6aef0-71f8-462a-a4c0-fdc1797095d8","appdata":{"chatId":"20190411200600001","allowBreak":false,"endDialog":false,"time":null,"dialogs":[{"says":[{"itemId":"2020011301507347","content":"嗯，5分，看来你有些担心和着急。别担心，无论发生什么，我会陪你一起面对的！","voiceUrl":"http://cbt.shangjin618.com/lianxin-botserver/voice/translate?voiceId=2020060202789311","voiceLength":"8","render":"01","deal":null,"param":null},{"itemId":"2020030301923581","content":"https://file.shangjinuu.com/cbt/imgs/20200303134928392.png","voiceUrl":null,"voiceLength":null,"render":"03","deal":null,"param":null},{"itemId":"2020011301507362","content":"不知道这种<word word=\"情绪\"/>持续多久了呢？","voiceUrl":"https://metis-storm-test.oss-cn-hangzhou.aliyuncs.com/f5629280-d42c-4824-9be5-453a719389ff.mp3","voiceLength":"3","render":"01","deal":null,"param":null}],"replys":[{"itemId":"2020011401530803","content":"最近几天","voiceUrl":null,"voiceLength":null,"render":"01","deal":null,"param":null},{"itemId":"2020042302277471","content":"不到1个月","voiceUrl":null,"voiceLength":null,"render":"01","deal":null,"param":null},{"itemId":"2020011401530804","content":"1-3个月","voiceUrl":null,"voiceLength":null,"render":"01","deal":null,"param":null},{"itemId":"2020042302277427","content":"4-6个月","voiceUrl":null,"voiceLength":null,"render":"01","deal":null,"param":null},{"itemId":"2020042302277445","content":"半年以上","voiceUrl":null,"voiceLength":null,"render":"01","deal":null,"param":null}],"replyType":"01","rollbackStatus":"1","rollbackClear":"0","dialogId":"2020011301507336","replyTitle":"","replyDescription":null}],"currentTime":"2020-07-24 00:50:45","allowClose":true,"nextRequestChat":null,"dialogTitle":"心理疗愈中","description":null}}]]>
    </line>
    <line>
      <![CDATA[1595523044668===存储公共参数   currentChat值为：20190411200600001.]]>
    </line>
    <line>
      <![CDATA[1595523044668===存储公共参数   dialogId值为：2020011301507336.]]>
    </line>
    <line>
      <![CDATA[1595523044669===存储公共参数   result值为：[[{"itemId":"2020011401530803","render":"01","content":"最近几天"},{"itemId":"2020042302277471","render":"01","content":"不到1个月"},{"itemId":"2020011401530804","render":"01","content":"1-3个月"},{"itemId":"2020042302277427","render":"01","content":"4-6个月"},{"itemId":"2020042302277445","render":"01","content":"半年以上"}]].]]>
    </line>
    <line>
      <![CDATA[1595523044669===存储公共参数   ItemId值为：2020042302277471.]]>
    </line>
    <line>
      <![CDATA[1595523044669===--- test start ---]]>
    </line>
    <line>
      <![CDATA[1595523044669===method:post]]>
    </line>
    <line>
      <![CDATA[1595523044669===url:http://cbt.shangjin618.com/lianxin-botserver/dialog/get]]>
    </line>
    <line>
      <![CDATA[1595523044669===param:{    "token": "4DBA46139BBD395B8B846C4FEA320927C5AF505A36CC0EE96683CE53AB0D5F6C03",    "channel": "02",    "currentChat": "20190411200600001",    "result": [        {            "result": "2020042302277471",            "replyType": "01",            "dialogId": "2020011301507336"        }    ]}]]>
    </line>
    <line>
      <![CDATA[1595523045841===返回状态码：200]]>
    </line>
    <line>
      <![CDATA[1595523045841===resp:{"code":"0000","msg":"交易成功","correlationID":"5753d91d-c69e-488a-9f45-0d6d60b0563c","appdata":{"chatId":"20190411200600001","allowBreak":false,"endDialog":false,"time":null,"dialogs":[{"says":[{"itemId":"2020011301507456","content":"嗯嗯，那么接下来你是希望我帮你调节<word word=\"情绪\"/>，还是只是想和我聊聊呢？","voiceUrl":"https://metis-storm-test.oss-cn-hangzhou.aliyuncs.com/6ec9f3f0-0ee1-488c-8b76-01ea66f28c07.mp3","voiceLength":"7","render":"01","deal":null,"param":null}],"replys":[{"itemId":"2020011301507465","content":"帮我调节情绪","voiceUrl":null,"voiceLength":null,"render":"01","deal":null,"param":null},{"itemId":"2020011301507472","content":"随便聊聊就好","voiceUrl":null,"voiceLength":null,"render":"01","deal":null,"param":null}],"replyType":"01","rollbackStatus":"1","rollbackClear":"0","dialogId":"2020011301507443","replyTitle":"","replyDescription":null}],"currentTime":"2020-07-24 00:50:46","allowClose":true,"nextRequestChat":null,"dialogTitle":"心理疗愈中","description":null}}]]>
    </line>
    <line>
      <![CDATA[1595523045841===存储公共参数   currentChat值为：20190411200600001.]]>
    </line>
    <line>
      <![CDATA[1595523045841===存储公共参数   dialogId值为：2020011301507443.]]>
    </line>
    <line>
      <![CDATA[1595523045841===存储公共参数   result值为：[[{"itemId":"2020011301507465","render":"01","content":"帮我调节情绪"},{"itemId":"2020011301507472","render":"01","content":"随便聊聊就好"}]].]]>
    </line>
    <line>
      <![CDATA[1595523045842===存储公共参数   ItemId值为：2020011301507465.]]>
    </line>
    <line>
      <![CDATA[1595523045842===--- test start ---]]>
    </line>
    <line>
      <![CDATA[1595523045842===method:post]]>
    </line>
    <line>
      <![CDATA[1595523045842===url:http://cbt.shangjin618.com/lianxin-botserver/dialog/get]]>
    </line>
    <line>
      <![CDATA[1595523045842===param:{    "token": "4DBA46139BBD395B8B846C4FEA320927C5AF505A36CC0EE96683CE53AB0D5F6C03",    "channel": "02",    "currentChat": "20190411200600001",    "result": [        {            "result": "2020011301507465",            "replyType": "01",            "dialogId": "2020011301507443"        }    ]}]]>
    </line>
    <line>
      <![CDATA[1595523047200===返回状态码：200]]>
    </line>
    <line>
      <![CDATA[1595523047200===resp:{"code":"0000","msg":"交易成功","correlationID":"434f4c65-dbda-4381-b059-8c407e135118","appdata":{"chatId":"20190411200600001","allowBreak":false,"endDialog":false,"time":null,"dialogs":[{"says":[{"itemId":"2020011301506003","content":"那现在最让你<word word=\"焦虑\"/>或者说担心的是什么呢？","voiceUrl":"https://metis-storm-test.oss-cn-hangzhou.aliyuncs.com/f41997fb-456d-4b32-bd92-aba1838f9360.mp3","voiceLength":"4","render":"01","deal":null,"param":null}],"replys":[{"itemId":"2020011301506491","content":"身体不健康","voiceUrl":null,"voiceLength":null,"render":"01","deal":null,"param":null},{"itemId":"2020011301506498","content":"死亡","voiceUrl":null,"voiceLength":null,"render":"01","deal":null,"param":null},{"itemId":"2020011301506506","content":"和人相处","voiceUrl":null,"voiceLength":null,"render":"01","deal":null,"param":null},{"itemId":"2020011301506513","content":"我没价值","voiceUrl":null,"voiceLength":null,"render":"01","deal":null,"param":null},{"itemId":"2020011301506520","content":"我不可爱","voiceUrl":null,"voiceLength":null,"render":"01","deal":null,"param":null},{"itemId":"2020011301506527","content":"怕某个人/事/物","voiceUrl":null,"voiceLength":null,"render":"01","deal":null,"param":null},{"itemId":"2020030201908836","content":"说不清","voiceUrl":null,"voiceLength":null,"render":"01","deal":null,"param":null}],"replyType":"06","rollbackStatus":"1","rollbackClear":"0","dialogId":"2020011301505986","replyTitle":"","replyDescription":null}],"currentTime":"2020-07-24 00:50:47","allowClose":true,"nextRequestChat":null,"dialogTitle":"心理疗愈中","description":null}}]]>
    </line>
    <line>
      <![CDATA[1595523047201===存储公共参数   currentChat值为：20190411200600001.]]>
    </line>
    <line>
      <![CDATA[1595523047201===存储公共参数   dialogId值为：2020011301505986.]]>
    </line>
    <line>
      <![CDATA[1595523047201===存储公共参数   result值为：[[{"itemId":"2020011301506491","render":"01","content":"身体不健康"},{"itemId":"2020011301506498","render":"01","content":"死亡"},{"itemId":"2020011301506506","render":"01","content":"和人相处"},{"itemId":"2020011301506513","render":"01","content":"我没价值"},{"itemId":"2020011301506520","render":"01","content":"我不可爱"},{"itemId":"2020011301506527","render":"01","content":"怕某个人/事/物"},{"itemId":"2020030201908836","render":"01","content":"说不清"}]].]]>
    </line>
    <line>
      <![CDATA[1595523047201===存储公共参数   ItemId值为：2020011301506491.]]>
    </line>
    <line>
      <![CDATA[1595523047201===--- test start ---]]>
    </line>
    <line>
      <![CDATA[1595523047201===method:post]]>
    </line>
    <line>
      <![CDATA[1595523047201===url:http://cbt.shangjin618.com/lianxin-botserver/dialog/get]]>
    </line>
    <line>
      <![CDATA[1595523047202===param:{    "token": "4DBA46139BBD395B8B846C4FEA320927C5AF505A36CC0EE96683CE53AB0D5F6C03",    "channel": "02",    "currentChat": "20190411200600001",    "result": [        {            "result": "2020011301506491",            "replyType": "01",            "dialogId": "2020011301505986"        }    ]}]]>
    </line>
    <line>
      <![CDATA[1595523048766===返回状态码：200]]>
    </line>
    <line>
      <![CDATA[1595523048772===resp:{"code":"0000","msg":"交易成功","correlationID":"f04388ce-246c-4ddd-ab8b-c4dbf472ac42","appdata":{"chatId":"20190411200600001","allowBreak":false,"endDialog":false,"time":null,"dialogs":[{"says":[{"itemId":"2020031001985115","content":"嗯嗯，所以你现在最担心的是自己的健康。","voiceUrl":"https://metis-storm-test.oss-cn-hangzhou.aliyuncs.com/c751ef2f-fe1a-4a07-a5e5-fbe0629ad532.mp3","voiceLength":"4","render":"01","deal":null,"param":null},{"itemId":"2020033102134667","content":"能具体说说吗？比如这种担心源于你出现了哪些症状，或是是感到哪里不太舒服？","voiceUrl":"https://metis-storm-test.oss-cn-hangzhou.aliyuncs.com/08a970f8-06c7-460f-9ae8-1a6f01f2726f.mp3","voiceLength":"8","render":"01","deal":null,"param":null}],"replys":[{"itemId":"2020031001985130","content":"呕吐","voiceUrl":null,"voiceLength":null,"render":"01","deal":null,"param":null},{"itemId":"2020031001985140","content":"心悸","voiceUrl":null,"voiceLength":null,"render":"01","deal":null,"param":null},{"itemId":"2020031001985147","content":"气喘","voiceUrl":null,"voiceLength":null,"render":"01","deal":null,"param":null},{"itemId":"2020031001985159","content":"尿频","voiceUrl":null,"voiceLength":null,"render":"01","deal":null,"param":null},{"itemId":"2020031001985166","content":"多汗","voiceUrl":null,"voiceLength":null,"render":"01","deal":null,"param":null},{"itemId":"2020031001985181","content":"说不上来，就是不舒服","voiceUrl":null,"voiceLength":null,"render":"01","deal":null,"param":null}],"replyType":"06","rollbackStatus":"1","rollbackClear":"0","dialogId":"2020031001985102","replyTitle":"","replyDescription":null}],"currentTime":"2020-07-24 00:50:49","allowClose":true,"nextRequestChat":null,"dialogTitle":"心理疗愈中","description":null}}]]>
    </line>
    <line>
      <![CDATA[1595523048772===存储公共参数   currentChat值为：20190411200600001.]]>
    </line>
    <line>
      <![CDATA[1595523048772===存储公共参数   dialogId值为：2020031001985102.]]>
    </line>
    <line>
      <![CDATA[1595523048773===存储公共参数   result值为：[[{"itemId":"2020031001985130","render":"01","content":"呕吐"},{"itemId":"2020031001985140","render":"01","content":"心悸"},{"itemId":"2020031001985147","render":"01","content":"气喘"},{"itemId":"2020031001985159","render":"01","content":"尿频"},{"itemId":"2020031001985166","render":"01","content":"多汗"},{"itemId":"2020031001985181","render":"01","content":"说不上来，就是不舒服"}]].]]>
    </line>
    <line>
      <![CDATA[1595523048773===存储公共参数   ItemId值为：2020031001985130.]]>
    </line>
    <line>
      <![CDATA[1595523048773===--- test start ---]]>
    </line>
    <line>
      <![CDATA[1595523048773===method:post]]>
    </line>
    <line>
      <![CDATA[1595523048773===url:http://cbt.shangjin618.com/lianxin-botserver/dialog/get]]>
    </line>
    <line>
      <![CDATA[1595523048773===param:{    "token": "4DBA46139BBD395B8B846C4FEA320927C5AF505A36CC0EE96683CE53AB0D5F6C03",    "channel": "02",    "currentChat": "20190411200600001",    "result": [        {            "result": "2020031001985130",            "replyType": "01",            "dialogId": "2020031001985102"        }    ]}]]>
    </line>
    <line>
      <![CDATA[1595523050045===返回状态码：200]]>
    </line>
    <line>
      <![CDATA[1595523050045===resp:{"code":"0000","msg":"交易成功","correlationID":"7787f8f3-2cb2-4b65-ae22-efdff03700bd","appdata":{"chatId":"20190411200600001","allowBreak":false,"endDialog":false,"time":null,"dialogs":[{"says":[{"itemId":"2020031101997350","content":"嗯，那这种状况持续多久了呢？或者说每天发作的频次有多少？","voiceUrl":"https://metis-storm-test.oss-cn-hangzhou.aliyuncs.com/81da978a-ecbb-4031-aded-9d0e92e494d6.mp3","voiceLength":"6","render":"01","deal":null,"param":null}],"replys":[],"replyType":"02","rollbackStatus":"1","rollbackClear":"0","dialogId":"2020031101997321","replyTitle":"","replyDescription":null}],"currentTime":"2020-07-24 00:50:50","allowClose":true,"nextRequestChat":null,"dialogTitle":"心理疗愈中","description":null}}]]>
    </line>
    <line>
      <![CDATA[1595523050046===存储公共参数   currentChat值为：20190411200600001.]]>
    </line>
    <line>
      <![CDATA[1595523050046===存储公共参数   dialogId值为：2020031101997321.]]>
    </line>
    <line>
      <![CDATA[1595523050046===存储公共参数   result值为：[[]].]]>
    </line>
    <line>
      <![CDATA[1595523050046===存储公共参数   ItemId值为：null.]]>
    </line>
    <line>
      <![CDATA[1595523050046===--- test start ---]]>
    </line>
    <line>
      <![CDATA[1595523050046===method:post]]>
    </line>
    <line>
      <![CDATA[1595523050046===url:http://cbt.shangjin618.com/lianxin-botserver/dialog/get]]>
    </line>
    <line>
      <![CDATA[1595523050046===param:{   "token": "4DBA46139BBD395B8B846C4FEA320927C5AF505A36CC0EE96683CE53AB0D5F6C03",    "channel": "02",    "currentChat": "20190411200600001",    "result": [        {            "result":"1个月",            "replyType": "02",            "time": 10250,            "dialogId": "2020031101997321"        }    ],    "currentTime": "2020-07-18 15:31:16",    "timestamp": 1595057476775}]]>
    </line>
    <line>
      <![CDATA[1595523051389===返回状态码：200]]>
    </line>
    <line>
      <![CDATA[1595523051389===resp:{"code":"0000","msg":"交易成功","correlationID":"223ece44-8d74-40fe-9de9-d7d17393fdfb","appdata":{"chatId":"20190411200600001","allowBreak":false,"endDialog":false,"time":null,"dialogs":[{"says":[{"itemId":"2020031001985365","content":"嗯，我能感受到这种不舒服带给你的影响，也难怪你会担心。","voiceUrl":"https://metis-storm-test.oss-cn-hangzhou.aliyuncs.com/0a045020-1ec2-4681-a562-22fcf8ad7648.mp3","voiceLength":"6","render":"01","deal":null,"param":null}],"replys":[],"replyType":"01","rollbackStatus":"1","rollbackClear":"0","dialogId":"2020031001985344","replyTitle":"","replyDescription":null}],"currentTime":"2020-07-24 00:50:51","allowClose":true,"nextRequestChat":null,"dialogTitle":"心理疗愈中","description":null}}]]>
    </line>
    <line>
      <![CDATA[1595523051389===存储公共参数   currentChat值为：20190411200600001.]]>
    </line>
    <line>
      <![CDATA[1595523051389===存储公共参数   dialogId值为：2020031001985344.]]>
    </line>
    <line>
      <![CDATA[1595523051389===存储公共参数   result值为：[[]].]]>
    </line>
    <line>
      <![CDATA[1595523051389===存储公共参数   ItemId值为：null.]]>
    </line>
  </reporter-output>
  <suite name="接口自动化测试" duration-ms="23045" started-at="2020-07-23T16:50:28Z" finished-at="2020-07-23T16:50:51Z">
    <groups>
    </groups>
    <test name="自动化测试用例" duration-ms="23045" started-at="2020-07-23T16:50:28Z" finished-at="2020-07-23T16:50:51Z">
      <class name="com.lianxin.ApiTest">
        <test-method status="PASS" signature="init(java.lang.String)[pri:0, instance:com.lianxin.ApiTest@a44f51c]" name="init" is-config="true" duration-ms="420" started-at="2020-07-24T00:50:27Z" finished-at="2020-07-24T00:50:28Z">
          <params>
            <param index="0">
              <value>
                <![CDATA[/api-config.xml]]>
              </value>
            </param>
          </params>
          <reporter-output>
            <line>
              <![CDATA[1595523027933===api config path:E:\job\autoTestWeb\autoTestWeb\lianxin-autoTest\api-config.xml]]>
            </line>
          </reporter-output>
        </test-method> <!-- init -->
        <test-method status="PASS" signature="transferData()[pri:0, instance:com.lianxin.ApiTest@a44f51c]" name="transferData" is-config="true" duration-ms="391" started-at="2020-07-24T00:50:28Z" finished-at="2020-07-24T00:50:28Z">
          <reporter-output>
          </reporter-output>
        </test-method> <!-- transferData -->
        <test-method status="PASS" signature="apiTest(com.lianxin.api.beans.ApiDataBean)[pri:0, instance:com.lianxin.ApiTest@a44f51c]" name="apiTest" duration-ms="237" started-at="2020-07-24T00:50:28Z" data-provider="apiDatas2" finished-at="2020-07-24T00:50:28Z">
          <params>
            <param index="0">
              <value>
                <![CDATA[ApiDataBean{run=true, desc='连小信接口', url='close', method='post', param='{
"channel": "02",
"token": "4DBA46139BBD395B8B846C4FEA320927C5AF505A36CC0EE96683CE53AB0D5F6C03"
}', contains=false, status=0, verify='', save='', preParam='null', sleep=0}]]>
              </value>
            </param>
          </params>
          <reporter-output>
            <line>
              <![CDATA[1595523028744===--- test start ---]]>
            </line>
            <line>
              <![CDATA[1595523028745===method:post]]>
            </line>
            <line>
              <![CDATA[1595523028745===url:http://cbt.shangjin618.com/lianxin-botserver/dialog/close]]>
            </line>
            <line>
              <![CDATA[1595523028745===param:{"channel": "02","token": "4DBA46139BBD395B8B846C4FEA320927C5AF505A36CC0EE96683CE53AB0D5F6C03"}]]>
            </line>
            <line>
              <![CDATA[1595523028978===返回状态码：200]]>
            </line>
            <line>
              <![CDATA[1595523028980===resp:{"code":"0000","msg":"交易成功","correlationID":"98eefaf3-c7c8-4b6a-a0cb-9c09f02c8c3e","appdata":{"chatId":null}}]]>
            </line>
          </reporter-output>
        </test-method> <!-- apiTest -->
        <test-method status="PASS" signature="apiTest(com.lianxin.api.beans.ApiDataBean)[pri:0, instance:com.lianxin.ApiTest@a44f51c]" name="apiTest" duration-ms="353" started-at="2020-07-24T00:50:28Z" data-provider="apiDatas2" finished-at="2020-07-24T00:50:29Z">
          <params>
            <param index="0">
              <value>
                <![CDATA[ApiDataBean{run=true, desc='连小信接口', url='get', method='post', param='{
    "token": "4DBA46139BBD395B8B846C4FEA320927C5AF505A36CC0EE96683CE53AB0D5F6C03",
    "channel": "02"
}', contains=false, status=0, verify='', save='currentChat=$.appdata.chatId;dialogId=$.appdata.dialogs.dialogId[0];', preParam='null', sleep=0}]]>
              </value>
            </param>
          </params>
          <reporter-output>
            <line>
              <![CDATA[1595523028981===--- test start ---]]>
            </line>
            <line>
              <![CDATA[1595523028981===method:post]]>
            </line>
            <line>
              <![CDATA[1595523028981===url:http://cbt.shangjin618.com/lianxin-botserver/dialog/get]]>
            </line>
            <line>
              <![CDATA[1595523028981===param:{    "token": "4DBA46139BBD395B8B846C4FEA320927C5AF505A36CC0EE96683CE53AB0D5F6C03",    "channel": "02"}]]>
            </line>
            <line>
              <![CDATA[1595523029297===返回状态码：200]]>
            </line>
            <line>
              <![CDATA[1595523029298===resp:{"code":"0000","msg":"交易成功","correlationID":"8b56bd69-f878-4152-a168-fc280c1fee1e","appdata":{"chatId":"20190420181100010","allowBreak":true,"endDialog":false,"time":null,"dialogs":[{"says":[],"replys":[],"replyType":"02","rollbackStatus":"0","rollbackClear":"0","dialogId":"20200416000000104","replyTitle":"","replyDescription":""}],"currentTime":"2020-07-24 00:50:29","allowClose":true,"nextRequestChat":null,"dialogTitle":null,"description":null}}]]>
            </line>
            <line>
              <![CDATA[1595523029332===存储公共参数   currentChat值为：20190420181100010.]]>
            </line>
            <line>
              <![CDATA[1595523029334===存储公共参数   dialogId值为：20200416000000104.]]>
            </line>
          </reporter-output>
        </test-method> <!-- apiTest -->
        <test-method status="PASS" signature="apiTest(com.lianxin.api.beans.ApiDataBean)[pri:0, instance:com.lianxin.ApiTest@a44f51c]" name="apiTest" duration-ms="1486" started-at="2020-07-24T00:50:29Z" data-provider="apiDatas2" finished-at="2020-07-24T00:50:30Z">
          <params>
            <param index="0">
              <value>
                <![CDATA[ApiDataBean{run=true, desc='连小信接口', url='get', method='post', param='{
   "token": "4DBA46139BBD395B8B846C4FEA320927C5AF505A36CC0EE96683CE53AB0D5F6C03",
    "channel": "02",
    "currentChat": "${currentChat}",
    "result": [
        {
            "result":"我好烦",            "replyType": "02",
            "time": 10250,
            "dialogId": "${dialogId}"
        }
    ],
    "currentTime": "2020-07-18 15:31:16",
    "timestamp": 1595057476775
}', contains=false, status=0, verify='', save='currentChat=$.appdata.chatId;dialogId=$.appdata.dialogs.dialogId[0];', preParam='null', sleep=0}]]>
              </value>
            </param>
          </params>
          <reporter-output>
            <line>
              <![CDATA[1595523029334===--- test start ---]]>
            </line>
            <line>
              <![CDATA[1595523029335===method:post]]>
            </line>
            <line>
              <![CDATA[1595523029335===url:http://cbt.shangjin618.com/lianxin-botserver/dialog/get]]>
            </line>
            <line>
              <![CDATA[1595523029335===param:{   "token": "4DBA46139BBD395B8B846C4FEA320927C5AF505A36CC0EE96683CE53AB0D5F6C03",    "channel": "02",    "currentChat": "20190420181100010",    "result": [        {            "result":"我好烦",            "replyType": "02",            "time": 10250,            "dialogId": "20200416000000104"        }    ],    "currentTime": "2020-07-18 15:31:16",    "timestamp": 1595057476775}]]>
            </line>
            <line>
              <![CDATA[1595523030819===返回状态码：200]]>
            </line>
            <line>
              <![CDATA[1595523030819===resp:{"code":"0000","msg":"交易成功","correlationID":"420f848a-8a31-4553-8b6d-557469e8cc34","appdata":{"chatId":"20190411200600001","allowBreak":false,"endDialog":false,"time":null,"dialogs":[{"says":[],"replys":[],"replyType":"01","rollbackStatus":"0","rollbackClear":"0","dialogId":"2020010300129856","replyTitle":null,"replyDescription":null}],"currentTime":"2020-07-24 00:50:31","allowClose":true,"nextRequestChat":null,"dialogTitle":"心理疗愈中","description":null}}]]>
            </line>
            <line>
              <![CDATA[1595523030819===存储公共参数   currentChat值为：20190411200600001.]]>
            </line>
            <line>
              <![CDATA[1595523030819===存储公共参数   dialogId值为：2020010300129856.]]>
            </line>
          </reporter-output>
        </test-method> <!-- apiTest -->
        <test-method status="PASS" signature="apiTest(com.lianxin.api.beans.ApiDataBean)[pri:0, instance:com.lianxin.ApiTest@a44f51c]" name="apiTest" duration-ms="774" started-at="2020-07-24T00:50:30Z" data-provider="apiDatas2" finished-at="2020-07-24T00:50:31Z">
          <params>
            <param index="0">
              <value>
                <![CDATA[ApiDataBean{run=true, desc='连小信接口', url='get', method='post', param='{
   "token": "4DBA46139BBD395B8B846C4FEA320927C5AF505A36CC0EE96683CE53AB0D5F6C03",
    "channel": "02",
    "currentChat": "${currentChat}"
}', contains=false, status=0, verify='', save='currentChat=$.appdata.chatId;dialogId=$.appdata.dialogs.dialogId[0];result=$.appdata.dialogs.replys', preParam='null', sleep=0}]]>
              </value>
            </param>
          </params>
          <reporter-output>
            <line>
              <![CDATA[1595523030820===--- test start ---]]>
            </line>
            <line>
              <![CDATA[1595523030820===method:post]]>
            </line>
            <line>
              <![CDATA[1595523030820===url:http://cbt.shangjin618.com/lianxin-botserver/dialog/get]]>
            </line>
            <line>
              <![CDATA[1595523030820===param:{   "token": "4DBA46139BBD395B8B846C4FEA320927C5AF505A36CC0EE96683CE53AB0D5F6C03",    "channel": "02",    "currentChat": "20190411200600001"}]]>
            </line>
            <line>
              <![CDATA[1595523031586===返回状态码：200]]>
            </line>
            <line>
              <![CDATA[1595523031586===resp:{"code":"0000","msg":"交易成功","correlationID":"fe58bb62-ffe1-4b15-8c7f-240b8839597a","appdata":{"chatId":"20190411200600001","allowBreak":false,"endDialog":false,"time":null,"dialogs":[{"says":[{"itemId":"2020011001495473","content":"听起来你有些<word word=\"焦虑\"/>，是发生了什么事情吗？","voiceUrl":"https://metis-storm-test.oss-cn-hangzhou.aliyuncs.com/f689c730-07af-4f95-a47a-b3218171614c.mp3","voiceLength":"4","render":"01","deal":null,"param":null}],"replys":[{"itemId":"2020011001495482","content":"没发生什么，就是心烦","voiceUrl":null,"voiceLength":null,"render":"01","deal":null,"param":null}],"replyType":"06","rollbackStatus":"1","rollbackClear":"0","dialogId":"2020011001495460","replyTitle":"","replyDescription":null}],"currentTime":"2020-07-24 00:50:32","allowClose":true,"nextRequestChat":null,"dialogTitle":"心理疗愈中","description":null}}]]>
            </line>
            <line>
              <![CDATA[1595523031587===存储公共参数   currentChat值为：20190411200600001.]]>
            </line>
            <line>
              <![CDATA[1595523031587===存储公共参数   dialogId值为：2020011001495460.]]>
            </line>
            <line>
              <![CDATA[1595523031588===存储公共参数   result值为：[[{"itemId":"2020011001495482","render":"01","content":"没发生什么，就是心烦"}]].]]>
            </line>
            <line>
              <![CDATA[1595523031594===存储公共参数   ItemId值为：2020011001495482.]]>
            </line>
          </reporter-output>
        </test-method> <!-- apiTest -->
        <test-method status="PASS" signature="apiTest(com.lianxin.api.beans.ApiDataBean)[pri:0, instance:com.lianxin.ApiTest@a44f51c]" name="apiTest" duration-ms="966" started-at="2020-07-24T00:50:31Z" data-provider="apiDatas2" finished-at="2020-07-24T00:50:32Z">
          <params>
            <param index="0">
              <value>
                <![CDATA[ApiDataBean{run=true, desc='连小信接口', url='get', method='post', param='{
    "token": "4DBA46139BBD395B8B846C4FEA320927C5AF505A36CC0EE96683CE53AB0D5F6C03",
    "channel": "02",
    "currentChat": "${currentChat}",
    "result": [
        {
            "result": "${ItemId}",
            "replyType": "01",
            "dialogId": "${dialogId}"
        }
    ]
}
', contains=false, status=0, verify='', save='currentChat=$.appdata.chatId;dialogId=$.appdata.dialogs.dialogId[0];result=$.appdata.dialogs.replys', preParam='null', sleep=0}]]>
              </value>
            </param>
          </params>
          <reporter-output>
            <line>
              <![CDATA[1595523031594===--- test start ---]]>
            </line>
            <line>
              <![CDATA[1595523031594===method:post]]>
            </line>
            <line>
              <![CDATA[1595523031594===url:http://cbt.shangjin618.com/lianxin-botserver/dialog/get]]>
            </line>
            <line>
              <![CDATA[1595523031594===param:{    "token": "4DBA46139BBD395B8B846C4FEA320927C5AF505A36CC0EE96683CE53AB0D5F6C03",    "channel": "02",    "currentChat": "20190411200600001",    "result": [        {            "result": "2020011001495482",            "replyType": "01",            "dialogId": "2020011001495460"        }    ]}]]>
            </line>
            <line>
              <![CDATA[1595523032558===返回状态码：200]]>
            </line>
            <line>
              <![CDATA[1595523032558===resp:{"code":"0000","msg":"交易成功","correlationID":"c2e43962-63ff-4208-98ff-4f20defe0e9e","appdata":{"chatId":"20190411200600001","allowBreak":false,"endDialog":false,"time":null,"dialogs":[{"says":[{"itemId":"2020011001495522","content":"心烦确实让人不好受啊~","voiceUrl":"https://metis-storm-test.oss-cn-hangzhou.aliyuncs.com/9ff906f3-c467-4c5d-88cc-a42112406697.mp3","voiceLength":"3","render":"01","deal":null,"param":null},{"itemId":"2020011001495531","content":"如果用<word word=\"情绪\"/>温度计量一量你现在的<word word=\"焦虑\"/>，你会给它打几分呢？","voiceUrl":"https://metis-storm-test.oss-cn-hangzhou.aliyuncs.com/deccb76d-2ed9-4cfe-ad5a-71a2de202953.mp3","voiceLength":"6","render":"01","deal":null,"param":null}],"replys":[{"itemId":"2020011301505585","content":"情绪温度计（分）","voiceUrl":null,"voiceLength":null,"render":"01","deal":null,"param":{"list":[{"min":"0","max":"1","text":"非常平静"},{"min":"1","max":"5","text":"有些焦虑"},{"min":"5","max":"8","text":"非常焦虑"},{"min":"8","max":"11","text":"极度焦虑"}]}}],"replyType":"20","rollbackStatus":"1","rollbackClear":"0","dialogId":"2020011001495507","replyTitle":"","replyDescription":null}],"currentTime":"2020-07-24 00:50:33","allowClose":true,"nextRequestChat":null,"dialogTitle":"心理疗愈中","description":null}}]]>
            </line>
            <line>
              <![CDATA[1595523032559===存储公共参数   currentChat值为：20190411200600001.]]>
            </line>
            <line>
              <![CDATA[1595523032559===存储公共参数   dialogId值为：2020011001495507.]]>
            </line>
            <line>
              <![CDATA[1595523032559===存储公共参数   result值为：[[{"itemId":"2020011301505585","param":{"list":[{"min":"0","max":"1","text":"非常平静"},{"min":"1","max":"5","text":"有些焦虑"},{"min":"5","max":"8","text":"非常焦虑"},{"min":"8","max":"11","text":"极度焦虑"}]},"render":"01","content":"情绪温度计（分）"}]].]]>
            </line>
            <line>
              <![CDATA[1595523032560===存储公共参数   ItemId值为：null.]]>
            </line>
          </reporter-output>
        </test-method> <!-- apiTest -->
        <test-method status="PASS" signature="apiTest(com.lianxin.api.beans.ApiDataBean)[pri:0, instance:com.lianxin.ApiTest@a44f51c]" name="apiTest" duration-ms="1110" started-at="2020-07-24T00:50:32Z" data-provider="apiDatas2" finished-at="2020-07-24T00:50:33Z">
          <params>
            <param index="0">
              <value>
                <![CDATA[ApiDataBean{run=true, desc='连小信接口', url='get', method='post', param='{
   "token": "4DBA46139BBD395B8B846C4FEA320927C5AF505A36CC0EE96683CE53AB0D5F6C03",
    "channel": "02",
    "currentChat": "${currentChat}",
    "result": [
        {
            "result":"5",            "replyType": "02",
            "time": 10250,
            "dialogId": "${dialogId}"
        }
    ],
    "currentTime": "2020-07-18 15:31:16",
    "timestamp": 1595057476775
}', contains=false, status=0, verify='', save='currentChat=$.appdata.chatId;dialogId=$.appdata.dialogs.dialogId[0];result=$.appdata.dialogs.replys', preParam='null', sleep=0}]]>
              </value>
            </param>
          </params>
          <reporter-output>
            <line>
              <![CDATA[1595523032560===--- test start ---]]>
            </line>
            <line>
              <![CDATA[1595523032560===method:post]]>
            </line>
            <line>
              <![CDATA[1595523032561===url:http://cbt.shangjin618.com/lianxin-botserver/dialog/get]]>
            </line>
            <line>
              <![CDATA[1595523032561===param:{   "token": "4DBA46139BBD395B8B846C4FEA320927C5AF505A36CC0EE96683CE53AB0D5F6C03",    "channel": "02",    "currentChat": "20190411200600001",    "result": [        {            "result":"5",            "replyType": "02",            "time": 10250,            "dialogId": "2020011001495507"        }    ],    "currentTime": "2020-07-18 15:31:16",    "timestamp": 1595057476775}]]>
            </line>
            <line>
              <![CDATA[1595523033669===返回状态码：200]]>
            </line>
            <line>
              <![CDATA[1595523033669===resp:{"code":"0000","msg":"交易成功","correlationID":"99468e57-3838-4bd7-ace3-cbd47c0716d2","appdata":{"chatId":"20190411200600001","allowBreak":false,"endDialog":false,"time":null,"dialogs":[{"says":[{"itemId":"2020011301507347","content":"嗯，5分，看来你有些担心和着急。别担心，无论发生什么，我会陪你一起面对的！","voiceUrl":"http://cbt.shangjin618.com/lianxin-botserver/voice/translate?voiceId=2020060202789311","voiceLength":"8","render":"01","deal":null,"param":null},{"itemId":"2020030301923581","content":"https://file.shangjinuu.com/cbt/imgs/20200303134928392.png","voiceUrl":null,"voiceLength":null,"render":"03","deal":null,"param":null},{"itemId":"2020011301507362","content":"不知道这种<word word=\"情绪\"/>持续多久了呢？","voiceUrl":"https://metis-storm-test.oss-cn-hangzhou.aliyuncs.com/f5629280-d42c-4824-9be5-453a719389ff.mp3","voiceLength":"3","render":"01","deal":null,"param":null}],"replys":[{"itemId":"2020011401530803","content":"最近几天","voiceUrl":null,"voiceLength":null,"render":"01","deal":null,"param":null},{"itemId":"2020042302277471","content":"不到1个月","voiceUrl":null,"voiceLength":null,"render":"01","deal":null,"param":null},{"itemId":"2020011401530804","content":"1-3个月","voiceUrl":null,"voiceLength":null,"render":"01","deal":null,"param":null},{"itemId":"2020042302277427","content":"4-6个月","voiceUrl":null,"voiceLength":null,"render":"01","deal":null,"param":null},{"itemId":"2020042302277445","content":"半年以上","voiceUrl":null,"voiceLength":null,"render":"01","deal":null,"param":null}],"replyType":"01","rollbackStatus":"1","rollbackClear":"0","dialogId":"2020011301507336","replyTitle":"","replyDescription":null}],"currentTime":"2020-07-24 00:50:34","allowClose":true,"nextRequestChat":null,"dialogTitle":"心理疗愈中","description":null}}]]>
            </line>
            <line>
              <![CDATA[1595523033669===存储公共参数   currentChat值为：20190411200600001.]]>
            </line>
            <line>
              <![CDATA[1595523033669===存储公共参数   dialogId值为：2020011301507336.]]>
            </line>
            <line>
              <![CDATA[1595523033670===存储公共参数   result值为：[[{"itemId":"2020011401530803","render":"01","content":"最近几天"},{"itemId":"2020042302277471","render":"01","content":"不到1个月"},{"itemId":"2020011401530804","render":"01","content":"1-3个月"},{"itemId":"2020042302277427","render":"01","content":"4-6个月"},{"itemId":"2020042302277445","render":"01","content":"半年以上"}]].]]>
            </line>
            <line>
              <![CDATA[1595523033670===存储公共参数   ItemId值为：2020042302277471.]]>
            </line>
          </reporter-output>
        </test-method> <!-- apiTest -->
        <test-method status="PASS" signature="apiTest(com.lianxin.api.beans.ApiDataBean)[pri:0, instance:com.lianxin.ApiTest@a44f51c]" name="apiTest" duration-ms="1062" started-at="2020-07-24T00:50:33Z" data-provider="apiDatas2" finished-at="2020-07-24T00:50:34Z">
          <params>
            <param index="0">
              <value>
                <![CDATA[ApiDataBean{run=true, desc='连小信接口', url='get', method='post', param='{
    "token": "4DBA46139BBD395B8B846C4FEA320927C5AF505A36CC0EE96683CE53AB0D5F6C03",
    "channel": "02",
    "currentChat": "${currentChat}",
    "result": [
        {
            "result": "${ItemId}",
            "replyType": "01",
            "dialogId": "${dialogId}"
        }
    ]
}
', contains=false, status=0, verify='', save='currentChat=$.appdata.chatId;dialogId=$.appdata.dialogs.dialogId[0];result=$.appdata.dialogs.replys', preParam='null', sleep=0}]]>
              </value>
            </param>
          </params>
          <reporter-output>
            <line>
              <![CDATA[1595523033670===--- test start ---]]>
            </line>
            <line>
              <![CDATA[1595523033671===method:post]]>
            </line>
            <line>
              <![CDATA[1595523033671===url:http://cbt.shangjin618.com/lianxin-botserver/dialog/get]]>
            </line>
            <line>
              <![CDATA[1595523033671===param:{    "token": "4DBA46139BBD395B8B846C4FEA320927C5AF505A36CC0EE96683CE53AB0D5F6C03",    "channel": "02",    "currentChat": "20190411200600001",    "result": [        {            "result": "2020042302277471",            "replyType": "01",            "dialogId": "2020011301507336"        }    ]}]]>
            </line>
            <line>
              <![CDATA[1595523034730===返回状态码：200]]>
            </line>
            <line>
              <![CDATA[1595523034731===resp:{"code":"0000","msg":"交易成功","correlationID":"4317edee-2947-438c-a41c-cbb9b057676e","appdata":{"chatId":"20190411200600001","allowBreak":false,"endDialog":false,"time":null,"dialogs":[{"says":[{"itemId":"2020011301507456","content":"嗯嗯，那么接下来你是希望我帮你调节<word word=\"情绪\"/>，还是只是想和我聊聊呢？","voiceUrl":"https://metis-storm-test.oss-cn-hangzhou.aliyuncs.com/6ec9f3f0-0ee1-488c-8b76-01ea66f28c07.mp3","voiceLength":"7","render":"01","deal":null,"param":null}],"replys":[{"itemId":"2020011301507465","content":"帮我调节情绪","voiceUrl":null,"voiceLength":null,"render":"01","deal":null,"param":null},{"itemId":"2020011301507472","content":"随便聊聊就好","voiceUrl":null,"voiceLength":null,"render":"01","deal":null,"param":null}],"replyType":"01","rollbackStatus":"1","rollbackClear":"0","dialogId":"2020011301507443","replyTitle":"","replyDescription":null}],"currentTime":"2020-07-24 00:50:35","allowClose":true,"nextRequestChat":null,"dialogTitle":"心理疗愈中","description":null}}]]>
            </line>
            <line>
              <![CDATA[1595523034731===存储公共参数   currentChat值为：20190411200600001.]]>
            </line>
            <line>
              <![CDATA[1595523034732===存储公共参数   dialogId值为：2020011301507443.]]>
            </line>
            <line>
              <![CDATA[1595523034732===存储公共参数   result值为：[[{"itemId":"2020011301507465","render":"01","content":"帮我调节情绪"},{"itemId":"2020011301507472","render":"01","content":"随便聊聊就好"}]].]]>
            </line>
            <line>
              <![CDATA[1595523034732===存储公共参数   ItemId值为：2020011301507465.]]>
            </line>
          </reporter-output>
        </test-method> <!-- apiTest -->
        <test-method status="PASS" signature="apiTest(com.lianxin.api.beans.ApiDataBean)[pri:0, instance:com.lianxin.ApiTest@a44f51c]" name="apiTest" duration-ms="1234" started-at="2020-07-24T00:50:34Z" data-provider="apiDatas2" finished-at="2020-07-24T00:50:35Z">
          <params>
            <param index="0">
              <value>
                <![CDATA[ApiDataBean{run=true, desc='连小信接口', url='get', method='post', param='{
    "token": "4DBA46139BBD395B8B846C4FEA320927C5AF505A36CC0EE96683CE53AB0D5F6C03",
    "channel": "02",
    "currentChat": "${currentChat}",
    "result": [
        {
            "result": "${ItemId}",
            "replyType": "01",
            "dialogId": "${dialogId}"
        }
    ]
}
', contains=false, status=0, verify='', save='currentChat=$.appdata.chatId;dialogId=$.appdata.dialogs.dialogId[0];result=$.appdata.dialogs.replys', preParam='null', sleep=0}]]>
              </value>
            </param>
          </params>
          <reporter-output>
            <line>
              <![CDATA[1595523034732===--- test start ---]]>
            </line>
            <line>
              <![CDATA[1595523034732===method:post]]>
            </line>
            <line>
              <![CDATA[1595523034732===url:http://cbt.shangjin618.com/lianxin-botserver/dialog/get]]>
            </line>
            <line>
              <![CDATA[1595523034732===param:{    "token": "4DBA46139BBD395B8B846C4FEA320927C5AF505A36CC0EE96683CE53AB0D5F6C03",    "channel": "02",    "currentChat": "20190411200600001",    "result": [        {            "result": "2020011301507465",            "replyType": "01",            "dialogId": "2020011301507443"        }    ]}]]>
            </line>
            <line>
              <![CDATA[1595523035964===返回状态码：200]]>
            </line>
            <line>
              <![CDATA[1595523035964===resp:{"code":"0000","msg":"交易成功","correlationID":"190220fd-eb62-4a24-ad22-d7292f3dd1e0","appdata":{"chatId":"20190411200600001","allowBreak":false,"endDialog":false,"time":null,"dialogs":[{"says":[{"itemId":"2020011301506003","content":"那现在最让你<word word=\"焦虑\"/>或者说担心的是什么呢？","voiceUrl":"https://metis-storm-test.oss-cn-hangzhou.aliyuncs.com/f41997fb-456d-4b32-bd92-aba1838f9360.mp3","voiceLength":"4","render":"01","deal":null,"param":null}],"replys":[{"itemId":"2020011301506491","content":"身体不健康","voiceUrl":null,"voiceLength":null,"render":"01","deal":null,"param":null},{"itemId":"2020011301506498","content":"死亡","voiceUrl":null,"voiceLength":null,"render":"01","deal":null,"param":null},{"itemId":"2020011301506506","content":"和人相处","voiceUrl":null,"voiceLength":null,"render":"01","deal":null,"param":null},{"itemId":"2020011301506513","content":"我没价值","voiceUrl":null,"voiceLength":null,"render":"01","deal":null,"param":null},{"itemId":"2020011301506520","content":"我不可爱","voiceUrl":null,"voiceLength":null,"render":"01","deal":null,"param":null},{"itemId":"2020011301506527","content":"怕某个人/事/物","voiceUrl":null,"voiceLength":null,"render":"01","deal":null,"param":null},{"itemId":"2020030201908836","content":"说不清","voiceUrl":null,"voiceLength":null,"render":"01","deal":null,"param":null}],"replyType":"06","rollbackStatus":"1","rollbackClear":"0","dialogId":"2020011301505986","replyTitle":"","replyDescription":null}],"currentTime":"2020-07-24 00:50:36","allowClose":true,"nextRequestChat":null,"dialogTitle":"心理疗愈中","description":null}}]]>
            </line>
            <line>
              <![CDATA[1595523035965===存储公共参数   currentChat值为：20190411200600001.]]>
            </line>
            <line>
              <![CDATA[1595523035965===存储公共参数   dialogId值为：2020011301505986.]]>
            </line>
            <line>
              <![CDATA[1595523035965===存储公共参数   result值为：[[{"itemId":"2020011301506491","render":"01","content":"身体不健康"},{"itemId":"2020011301506498","render":"01","content":"死亡"},{"itemId":"2020011301506506","render":"01","content":"和人相处"},{"itemId":"2020011301506513","render":"01","content":"我没价值"},{"itemId":"2020011301506520","render":"01","content":"我不可爱"},{"itemId":"2020011301506527","render":"01","content":"怕某个人/事/物"},{"itemId":"2020030201908836","render":"01","content":"说不清"}]].]]>
            </line>
            <line>
              <![CDATA[1595523035966===存储公共参数   ItemId值为：2020011301506491.]]>
            </line>
          </reporter-output>
        </test-method> <!-- apiTest -->
        <test-method status="PASS" signature="apiTest(com.lianxin.api.beans.ApiDataBean)[pri:0, instance:com.lianxin.ApiTest@a44f51c]" name="apiTest" duration-ms="1635" started-at="2020-07-24T00:50:35Z" data-provider="apiDatas2" finished-at="2020-07-24T00:50:37Z">
          <params>
            <param index="0">
              <value>
                <![CDATA[ApiDataBean{run=true, desc='连小信接口', url='get', method='post', param='{
    "token": "4DBA46139BBD395B8B846C4FEA320927C5AF505A36CC0EE96683CE53AB0D5F6C03",
    "channel": "02",
    "currentChat": "${currentChat}",
    "result": [
        {
            "result": "${ItemId}",
            "replyType": "01",
            "dialogId": "${dialogId}"
        }
    ]
}
', contains=false, status=0, verify='', save='currentChat=$.appdata.chatId;dialogId=$.appdata.dialogs.dialogId[0];result=$.appdata.dialogs.replys', preParam='null', sleep=0}]]>
              </value>
            </param>
          </params>
          <reporter-output>
            <line>
              <![CDATA[1595523035966===--- test start ---]]>
            </line>
            <line>
              <![CDATA[1595523035966===method:post]]>
            </line>
            <line>
              <![CDATA[1595523035966===url:http://cbt.shangjin618.com/lianxin-botserver/dialog/get]]>
            </line>
            <line>
              <![CDATA[1595523035966===param:{    "token": "4DBA46139BBD395B8B846C4FEA320927C5AF505A36CC0EE96683CE53AB0D5F6C03",    "channel": "02",    "currentChat": "20190411200600001",    "result": [        {            "result": "2020011301506491",            "replyType": "01",            "dialogId": "2020011301505986"        }    ]}]]>
            </line>
            <line>
              <![CDATA[1595523037600===返回状态码：200]]>
            </line>
            <line>
              <![CDATA[1595523037600===resp:{"code":"0000","msg":"交易成功","correlationID":"25b2925f-7a6e-4c74-9ac4-77f6dfc598e5","appdata":{"chatId":"20190411200600001","allowBreak":false,"endDialog":false,"time":null,"dialogs":[{"says":[{"itemId":"2020031001985115","content":"嗯嗯，所以你现在最担心的是自己的健康。","voiceUrl":"https://metis-storm-test.oss-cn-hangzhou.aliyuncs.com/c751ef2f-fe1a-4a07-a5e5-fbe0629ad532.mp3","voiceLength":"4","render":"01","deal":null,"param":null},{"itemId":"2020033102134667","content":"能具体说说吗？比如这种担心源于你出现了哪些症状，或是是感到哪里不太舒服？","voiceUrl":"https://metis-storm-test.oss-cn-hangzhou.aliyuncs.com/08a970f8-06c7-460f-9ae8-1a6f01f2726f.mp3","voiceLength":"8","render":"01","deal":null,"param":null}],"replys":[{"itemId":"2020031001985130","content":"呕吐","voiceUrl":null,"voiceLength":null,"render":"01","deal":null,"param":null},{"itemId":"2020031001985140","content":"心悸","voiceUrl":null,"voiceLength":null,"render":"01","deal":null,"param":null},{"itemId":"2020031001985147","content":"气喘","voiceUrl":null,"voiceLength":null,"render":"01","deal":null,"param":null},{"itemId":"2020031001985159","content":"尿频","voiceUrl":null,"voiceLength":null,"render":"01","deal":null,"param":null},{"itemId":"2020031001985166","content":"多汗","voiceUrl":null,"voiceLength":null,"render":"01","deal":null,"param":null},{"itemId":"2020031001985181","content":"说不上来，就是不舒服","voiceUrl":null,"voiceLength":null,"render":"01","deal":null,"param":null}],"replyType":"06","rollbackStatus":"1","rollbackClear":"0","dialogId":"2020031001985102","replyTitle":"","replyDescription":null}],"currentTime":"2020-07-24 00:50:38","allowClose":true,"nextRequestChat":null,"dialogTitle":"心理疗愈中","description":null}}]]>
            </line>
            <line>
              <![CDATA[1595523037600===存储公共参数   currentChat值为：20190411200600001.]]>
            </line>
            <line>
              <![CDATA[1595523037600===存储公共参数   dialogId值为：2020031001985102.]]>
            </line>
            <line>
              <![CDATA[1595523037601===存储公共参数   result值为：[[{"itemId":"2020031001985130","render":"01","content":"呕吐"},{"itemId":"2020031001985140","render":"01","content":"心悸"},{"itemId":"2020031001985147","render":"01","content":"气喘"},{"itemId":"2020031001985159","render":"01","content":"尿频"},{"itemId":"2020031001985166","render":"01","content":"多汗"},{"itemId":"2020031001985181","render":"01","content":"说不上来，就是不舒服"}]].]]>
            </line>
            <line>
              <![CDATA[1595523037601===存储公共参数   ItemId值为：2020031001985130.]]>
            </line>
          </reporter-output>
        </test-method> <!-- apiTest -->
        <test-method status="PASS" signature="apiTest(com.lianxin.api.beans.ApiDataBean)[pri:0, instance:com.lianxin.ApiTest@a44f51c]" name="apiTest" duration-ms="1131" started-at="2020-07-24T00:50:37Z" data-provider="apiDatas2" finished-at="2020-07-24T00:50:38Z">
          <params>
            <param index="0">
              <value>
                <![CDATA[ApiDataBean{run=true, desc='连小信接口', url='get', method='post', param='{
    "token": "4DBA46139BBD395B8B846C4FEA320927C5AF505A36CC0EE96683CE53AB0D5F6C03",
    "channel": "02",
    "currentChat": "${currentChat}",
    "result": [
        {
            "result": "${ItemId}",
            "replyType": "01",
            "dialogId": "${dialogId}"
        }
    ]
}
', contains=false, status=0, verify='', save='currentChat=$.appdata.chatId;dialogId=$.appdata.dialogs.dialogId[0];result=$.appdata.dialogs.replys', preParam='null', sleep=0}]]>
              </value>
            </param>
          </params>
          <reporter-output>
            <line>
              <![CDATA[1595523037601===--- test start ---]]>
            </line>
            <line>
              <![CDATA[1595523037601===method:post]]>
            </line>
            <line>
              <![CDATA[1595523037602===url:http://cbt.shangjin618.com/lianxin-botserver/dialog/get]]>
            </line>
            <line>
              <![CDATA[1595523037602===param:{    "token": "4DBA46139BBD395B8B846C4FEA320927C5AF505A36CC0EE96683CE53AB0D5F6C03",    "channel": "02",    "currentChat": "20190411200600001",    "result": [        {            "result": "2020031001985130",            "replyType": "01",            "dialogId": "2020031001985102"        }    ]}]]>
            </line>
            <line>
              <![CDATA[1595523038731===返回状态码：200]]>
            </line>
            <line>
[...]
            </line>
            <line>
              <![CDATA[1595523044668===存储公共参数   currentChat值为：20190411200600001.]]>
            </line>
            <line>
              <![CDATA[1595523044668===存储公共参数   dialogId值为：2020011301507336.]]>
            </line>
            <line>
              <![CDATA[1595523044669===存储公共参数   result值为：[[{"itemId":"2020011401530803","render":"01","content":"最近几天"},{"itemId":"2020042302277471","render":"01","content":"不到1个月"},{"itemId":"2020011401530804","render":"01","content":"1-3个月"},{"itemId":"2020042302277427","render":"01","content":"4-6个月"},{"itemId":"2020042302277445","render":"01","content":"半年以上"}]].]]>
            </line>
            <line>
              <![CDATA[1595523044669===存储公共参数   ItemId值为：2020042302277471.]]>
            </line>
          </reporter-output>
        </test-method> <!-- apiTest -->
        <test-method status="PASS" signature="apiTest(com.lianxin.api.beans.ApiDataBean)[pri:0, instance:com.lianxin.ApiTest@a44f51c]" name="apiTest" duration-ms="1173" started-at="2020-07-24T00:50:44Z" data-provider="apiDatas2" finished-at="2020-07-24T00:50:45Z">
          <params>
            <param index="0">
              <value>
                <![CDATA[ApiDataBean{run=true, desc='连小信接口', url='get', method='post', param='{
    "token": "4DBA46139BBD395B8B846C4FEA320927C5AF505A36CC0EE96683CE53AB0D5F6C03",
    "channel": "02",
    "currentChat": "${currentChat}",
    "result": [
        {
            "result": "${ItemId}",
            "replyType": "01",
            "dialogId": "${dialogId}"
        }
    ]
}
', contains=false, status=0, verify='', save='currentChat=$.appdata.chatId;dialogId=$.appdata.dialogs.dialogId[0];result=$.appdata.dialogs.replys', preParam='null', sleep=0}]]>
              </value>
            </param>
          </params>
          <reporter-output>
            <line>
              <![CDATA[1595523044669===--- test start ---]]>
            </line>
            <line>
              <![CDATA[1595523044669===method:post]]>
            </line>
            <line>
              <![CDATA[1595523044669===url:http://cbt.shangjin618.com/lianxin-botserver/dialog/get]]>
            </line>
            <line>
              <![CDATA[1595523044669===param:{    "token": "4DBA46139BBD395B8B846C4FEA320927C5AF505A36CC0EE96683CE53AB0D5F6C03",    "channel": "02",    "currentChat": "20190411200600001",    "result": [        {            "result": "2020042302277471",            "replyType": "01",            "dialogId": "2020011301507336"        }    ]}]]>
            </line>
            <line>
              <![CDATA[1595523045841===返回状态码：200]]>
            </line>
            <line>
              <![CDATA[1595523045841===resp:{"code":"0000","msg":"交易成功","correlationID":"5753d91d-c69e-488a-9f45-0d6d60b0563c","appdata":{"chatId":"20190411200600001","allowBreak":false,"endDialog":false,"time":null,"dialogs":[{"says":[{"itemId":"2020011301507456","content":"嗯嗯，那么接下来你是希望我帮你调节<word word=\"情绪\"/>，还是只是想和我聊聊呢？","voiceUrl":"https://metis-storm-test.oss-cn-hangzhou.aliyuncs.com/6ec9f3f0-0ee1-488c-8b76-01ea66f28c07.mp3","voiceLength":"7","render":"01","deal":null,"param":null}],"replys":[{"itemId":"2020011301507465","content":"帮我调节情绪","voiceUrl":null,"voiceLength":null,"render":"01","deal":null,"param":null},{"itemId":"2020011301507472","content":"随便聊聊就好","voiceUrl":null,"voiceLength":null,"render":"01","deal":null,"param":null}],"replyType":"01","rollbackStatus":"1","rollbackClear":"0","dialogId":"2020011301507443","replyTitle":"","replyDescription":null}],"currentTime":"2020-07-24 00:50:46","allowClose":true,"nextRequestChat":null,"dialogTitle":"心理疗愈中","description":null}}]]>
            </line>
            <line>
              <![CDATA[1595523045841===存储公共参数   currentChat值为：20190411200600001.]]>
            </line>
            <line>
              <![CDATA[1595523045841===存储公共参数   dialogId值为：2020011301507443.]]>
            </line>
            <line>
              <![CDATA[1595523045841===存储公共参数   result值为：[[{"itemId":"2020011301507465","render":"01","content":"帮我调节情绪"},{"itemId":"2020011301507472","render":"01","content":"随便聊聊就好"}]].]]>
            </line>
            <line>
              <![CDATA[1595523045842===存储公共参数   ItemId值为：2020011301507465.]]>
            </line>
          </reporter-output>
        </test-method> <!-- apiTest -->
        <test-method status="PASS" signature="apiTest(com.lianxin.api.beans.ApiDataBean)[pri:0, instance:com.lianxin.ApiTest@a44f51c]" name="apiTest" duration-ms="1359" started-at="2020-07-24T00:50:45Z" data-provider="apiDatas2" finished-at="2020-07-24T00:50:47Z">
          <params>
            <param index="0">
              <value>
                <![CDATA[ApiDataBean{run=true, desc='连小信接口', url='get', method='post', param='{
    "token": "4DBA46139BBD395B8B846C4FEA320927C5AF505A36CC0EE96683CE53AB0D5F6C03",
    "channel": "02",
    "currentChat": "${currentChat}",
    "result": [
        {
            "result": "${ItemId}",
            "replyType": "01",
            "dialogId": "${dialogId}"
        }
    ]
}
', contains=false, status=0, verify='', save='currentChat=$.appdata.chatId;dialogId=$.appdata.dialogs.dialogId[0];result=$.appdata.dialogs.replys', preParam='null', sleep=0}]]>
              </value>
            </param>
          </params>
          <reporter-output>
            <line>
              <![CDATA[1595523045842===--- test start ---]]>
            </line>
            <line>
              <![CDATA[1595523045842===method:post]]>
            </line>
            <line>
              <![CDATA[1595523045842===url:http://cbt.shangjin618.com/lianxin-botserver/dialog/get]]>
            </line>
            <line>
              <![CDATA[1595523045842===param:{    "token": "4DBA46139BBD395B8B846C4FEA320927C5AF505A36CC0EE96683CE53AB0D5F6C03",    "channel": "02",    "currentChat": "20190411200600001",    "result": [        {            "result": "2020011301507465",            "replyType": "01",            "dialogId": "2020011301507443"        }    ]}]]>
            </line>
            <line>
              <![CDATA[1595523047200===返回状态码：200]]>
            </line>
            <line>
              <![CDATA[1595523047200===resp:{"code":"0000","msg":"交易成功","correlationID":"434f4c65-dbda-4381-b059-8c407e135118","appdata":{"chatId":"20190411200600001","allowBreak":false,"endDialog":false,"time":null,"dialogs":[{"says":[{"itemId":"2020011301506003","content":"那现在最让你<word word=\"焦虑\"/>或者说担心的是什么呢？","voiceUrl":"https://metis-storm-test.oss-cn-hangzhou.aliyuncs.com/f41997fb-456d-4b32-bd92-aba1838f9360.mp3","voiceLength":"4","render":"01","deal":null,"param":null}],"replys":[{"itemId":"2020011301506491","content":"身体不健康","voiceUrl":null,"voiceLength":null,"render":"01","deal":null,"param":null},{"itemId":"2020011301506498","content":"死亡","voiceUrl":null,"voiceLength":null,"render":"01","deal":null,"param":null},{"itemId":"2020011301506506","content":"和人相处","voiceUrl":null,"voiceLength":null,"render":"01","deal":null,"param":null},{"itemId":"2020011301506513","content":"我没价值","voiceUrl":null,"voiceLength":null,"render":"01","deal":null,"param":null},{"itemId":"2020011301506520","content":"我不可爱","voiceUrl":null,"voiceLength":null,"render":"01","deal":null,"param":null},{"itemId":"2020011301506527","content":"怕某个人/事/物","voiceUrl":null,"voiceLength":null,"render":"01","deal":null,"param":null},{"itemId":"2020030201908836","content":"说不清","voiceUrl":null,"voiceLength":null,"render":"01","deal":null,"param":null}],"replyType":"06","rollbackStatus":"1","rollbackClear":"0","dialogId":"2020011301505986","replyTitle":"","replyDescription":null}],"currentTime":"2020-07-24 00:50:47","allowClose":true,"nextRequestChat":null,"dialogTitle":"心理疗愈中","description":null}}]]>
            </line>
            <line>
              <![CDATA[1595523047201===存储公共参数   currentChat值为：20190411200600001.]]>
            </line>
            <line>
              <![CDATA[1595523047201===存储公共参数   dialogId值为：2020011301505986.]]>
            </line>
            <line>
              <![CDATA[1595523047201===存储公共参数   result值为：[[{"itemId":"2020011301506491","render":"01","content":"身体不健康"},{"itemId":"2020011301506498","render":"01","content":"死亡"},{"itemId":"2020011301506506","render":"01","content":"和人相处"},{"itemId":"2020011301506513","render":"01","content":"我没价值"},{"itemId":"2020011301506520","render":"01","content":"我不可爱"},{"itemId":"2020011301506527","render":"01","content":"怕某个人/事/物"},{"itemId":"2020030201908836","render":"01","content":"说不清"}]].]]>
            </line>
            <line>
              <![CDATA[1595523047201===存储公共参数   ItemId值为：2020011301506491.]]>
            </line>
          </reporter-output>
        </test-method> <!-- apiTest -->
        <test-method status="PASS" signature="apiTest(com.lianxin.api.beans.ApiDataBean)[pri:0, instance:com.lianxin.ApiTest@a44f51c]" name="apiTest" duration-ms="1572" started-at="2020-07-24T00:50:47Z" data-provider="apiDatas2" finished-at="2020-07-24T00:50:48Z">
          <params>
            <param index="0">
              <value>
                <![CDATA[ApiDataBean{run=true, desc='连小信接口', url='get', method='post', param='{
    "token": "4DBA46139BBD395B8B846C4FEA320927C5AF505A36CC0EE96683CE53AB0D5F6C03",
    "channel": "02",
    "currentChat": "${currentChat}",
    "result": [
        {
            "result": "${ItemId}",
            "replyType": "01",
            "dialogId": "${dialogId}"
        }
    ]
}
', contains=false, status=0, verify='', save='currentChat=$.appdata.chatId;dialogId=$.appdata.dialogs.dialogId[0];result=$.appdata.dialogs.replys', preParam='null', sleep=0}]]>
              </value>
            </param>
          </params>
          <reporter-output>
            <line>
              <![CDATA[1595523047201===--- test start ---]]>
            </line>
            <line>
              <![CDATA[1595523047201===method:post]]>
            </line>
            <line>
              <![CDATA[1595523047201===url:http://cbt.shangjin618.com/lianxin-botserver/dialog/get]]>
            </line>
            <line>
              <![CDATA[1595523047202===param:{    "token": "4DBA46139BBD395B8B846C4FEA320927C5AF505A36CC0EE96683CE53AB0D5F6C03",    "channel": "02",    "currentChat": "20190411200600001",    "result": [        {            "result": "2020011301506491",            "replyType": "01",            "dialogId": "2020011301505986"        }    ]}]]>
            </line>
            <line>
              <![CDATA[1595523048766===返回状态码：200]]>
            </line>
            <line>
              <![CDATA[1595523048772===resp:{"code":"0000","msg":"交易成功","correlationID":"f04388ce-246c-4ddd-ab8b-c4dbf472ac42","appdata":{"chatId":"20190411200600001","allowBreak":false,"endDialog":false,"time":null,"dialogs":[{"says":[{"itemId":"2020031001985115","content":"嗯嗯，所以你现在最担心的是自己的健康。","voiceUrl":"https://metis-storm-test.oss-cn-hangzhou.aliyuncs.com/c751ef2f-fe1a-4a07-a5e5-fbe0629ad532.mp3","voiceLength":"4","render":"01","deal":null,"param":null},{"itemId":"2020033102134667","content":"能具体说说吗？比如这种担心源于你出现了哪些症状，或是是感到哪里不太舒服？","voiceUrl":"https://metis-storm-test.oss-cn-hangzhou.aliyuncs.com/08a970f8-06c7-460f-9ae8-1a6f01f2726f.mp3","voiceLength":"8","render":"01","deal":null,"param":null}],"replys":[{"itemId":"2020031001985130","content":"呕吐","voiceUrl":null,"voiceLength":null,"render":"01","deal":null,"param":null},{"itemId":"2020031001985140","content":"心悸","voiceUrl":null,"voiceLength":null,"render":"01","deal":null,"param":null},{"itemId":"2020031001985147","content":"气喘","voiceUrl":null,"voiceLength":null,"render":"01","deal":null,"param":null},{"itemId":"2020031001985159","content":"尿频","voiceUrl":null,"voiceLength":null,"render":"01","deal":null,"param":null},{"itemId":"2020031001985166","content":"多汗","voiceUrl":null,"voiceLength":null,"render":"01","deal":null,"param":null},{"itemId":"2020031001985181","content":"说不上来，就是不舒服","voiceUrl":null,"voiceLength":null,"render":"01","deal":null,"param":null}],"replyType":"06","rollbackStatus":"1","rollbackClear":"0","dialogId":"2020031001985102","replyTitle":"","replyDescription":null}],"currentTime":"2020-07-24 00:50:49","allowClose":true,"nextRequestChat":null,"dialogTitle":"心理疗愈中","description":null}}]]>
            </line>
            <line>
              <![CDATA[1595523048772===存储公共参数   currentChat值为：20190411200600001.]]>
            </line>
            <line>
              <![CDATA[1595523048772===存储公共参数   dialogId值为：2020031001985102.]]>
            </line>
            <line>
              <![CDATA[1595523048773===存储公共参数   result值为：[[{"itemId":"2020031001985130","render":"01","content":"呕吐"},{"itemId":"2020031001985140","render":"01","content":"心悸"},{"itemId":"2020031001985147","render":"01","content":"气喘"},{"itemId":"2020031001985159","render":"01","content":"尿频"},{"itemId":"2020031001985166","render":"01","content":"多汗"},{"itemId":"2020031001985181","render":"01","content":"说不上来，就是不舒服"}]].]]>
            </line>
            <line>
              <![CDATA[1595523048773===存储公共参数   ItemId值为：2020031001985130.]]>
            </line>
          </reporter-output>
        </test-method> <!-- apiTest -->
        <test-method status="PASS" signature="apiTest(com.lianxin.api.beans.ApiDataBean)[pri:0, instance:com.lianxin.ApiTest@a44f51c]" name="apiTest" duration-ms="1273" started-at="2020-07-24T00:50:48Z" data-provider="apiDatas2" finished-at="2020-07-24T00:50:50Z">
          <params>
            <param index="0">
              <value>
                <![CDATA[ApiDataBean{run=true, desc='连小信接口', url='get', method='post', param='{
    "token": "4DBA46139BBD395B8B846C4FEA320927C5AF505A36CC0EE96683CE53AB0D5F6C03",
    "channel": "02",
    "currentChat": "${currentChat}",
    "result": [
        {
            "result": "${ItemId}",
            "replyType": "01",
            "dialogId": "${dialogId}"
        }
    ]
}
', contains=false, status=0, verify='', save='currentChat=$.appdata.chatId;dialogId=$.appdata.dialogs.dialogId[0];result=$.appdata.dialogs.replys', preParam='null', sleep=0}]]>
              </value>
            </param>
          </params>
          <reporter-output>
            <line>
              <![CDATA[1595523048773===--- test start ---]]>
            </line>
            <line>
              <![CDATA[1595523048773===method:post]]>
            </line>
            <line>
              <![CDATA[1595523048773===url:http://cbt.shangjin618.com/lianxin-botserver/dialog/get]]>
            </line>
            <line>
              <![CDATA[1595523048773===param:{    "token": "4DBA46139BBD395B8B846C4FEA320927C5AF505A36CC0EE96683CE53AB0D5F6C03",    "channel": "02",    "currentChat": "20190411200600001",    "result": [        {            "result": "2020031001985130",            "replyType": "01",            "dialogId": "2020031001985102"        }    ]}]]>
            </line>
            <line>
              <![CDATA[1595523050045===返回状态码：200]]>
            </line>
            <line>
              <![CDATA[1595523050045===resp:{"code":"0000","msg":"交易成功","correlationID":"7787f8f3-2cb2-4b65-ae22-efdff03700bd","appdata":{"chatId":"20190411200600001","allowBreak":false,"endDialog":false,"time":null,"dialogs":[{"says":[{"itemId":"2020031101997350","content":"嗯，那这种状况持续多久了呢？或者说每天发作的频次有多少？","voiceUrl":"https://metis-storm-test.oss-cn-hangzhou.aliyuncs.com/81da978a-ecbb-4031-aded-9d0e92e494d6.mp3","voiceLength":"6","render":"01","deal":null,"param":null}],"replys":[],"replyType":"02","rollbackStatus":"1","rollbackClear":"0","dialogId":"2020031101997321","replyTitle":"","replyDescription":null}],"currentTime":"2020-07-24 00:50:50","allowClose":true,"nextRequestChat":null,"dialogTitle":"心理疗愈中","description":null}}]]>
            </line>
            <line>
              <![CDATA[1595523050046===存储公共参数   currentChat值为：20190411200600001.]]>
            </line>
            <line>
              <![CDATA[1595523050046===存储公共参数   dialogId值为：2020031101997321.]]>
            </line>
            <line>
              <![CDATA[1595523050046===存储公共参数   result值为：[[]].]]>
            </line>
            <line>
              <![CDATA[1595523050046===存储公共参数   ItemId值为：null.]]>
            </line>
          </reporter-output>
        </test-method> <!-- apiTest -->
        <test-method status="PASS" signature="apiTest(com.lianxin.api.beans.ApiDataBean)[pri:0, instance:com.lianxin.ApiTest@a44f51c]" name="apiTest" duration-ms="1343" started-at="2020-07-24T00:50:50Z" data-provider="apiDatas2" finished-at="2020-07-24T00:50:51Z">
          <params>
            <param index="0">
              <value>
                <![CDATA[ApiDataBean{run=true, desc='连小信接口', url='get', method='post', param='{
   "token": "4DBA46139BBD395B8B846C4FEA320927C5AF505A36CC0EE96683CE53AB0D5F6C03",
    "channel": "02",
    "currentChat": "${currentChat}",
    "result": [
        {
            "result":"1个月",            "replyType": "02",
            "time": 10250,
            "dialogId": "${dialogId}"
        }
    ],
    "currentTime": "2020-07-18 15:31:16",
    "timestamp": 1595057476775
}', contains=false, status=0, verify='', save='currentChat=$.appdata.chatId;dialogId=$.appdata.dialogs.dialogId[0];result=$.appdata.dialogs.replys', preParam='null', sleep=0}]]>
              </value>
            </param>
          </params>
          <reporter-output>
            <line>
              <![CDATA[1595523050046===--- test start ---]]>
            </line>
            <line>
              <![CDATA[1595523050046===method:post]]>
            </line>
            <line>
              <![CDATA[1595523050046===url:http://cbt.shangjin618.com/lianxin-botserver/dialog/get]]>
            </line>
            <line>
              <![CDATA[1595523050046===param:{   "token": "4DBA46139BBD395B8B846C4FEA320927C5AF505A36CC0EE96683CE53AB0D5F6C03",    "channel": "02",    "currentChat": "20190411200600001",    "result": [        {            "result":"1个月",            "replyType": "02",            "time": 10250,            "dialogId": "2020031101997321"        }    ],    "currentTime": "2020-07-18 15:31:16",    "timestamp": 1595057476775}]]>
            </line>
            <line>
              <![CDATA[1595523051389===返回状态码：200]]>
            </line>
            <line>
              <![CDATA[1595523051389===resp:{"code":"0000","msg":"交易成功","correlationID":"223ece44-8d74-40fe-9de9-d7d17393fdfb","appdata":{"chatId":"20190411200600001","allowBreak":false,"endDialog":false,"time":null,"dialogs":[{"says":[{"itemId":"2020031001985365","content":"嗯，我能感受到这种不舒服带给你的影响，也难怪你会担心。","voiceUrl":"https://metis-storm-test.oss-cn-hangzhou.aliyuncs.com/0a045020-1ec2-4681-a562-22fcf8ad7648.mp3","voiceLength":"6","render":"01","deal":null,"param":null}],"replys":[],"replyType":"01","rollbackStatus":"1","rollbackClear":"0","dialogId":"2020031001985344","replyTitle":"","replyDescription":null}],"currentTime":"2020-07-24 00:50:51","allowClose":true,"nextRequestChat":null,"dialogTitle":"心理疗愈中","description":null}}]]>
            </line>
            <line>
              <![CDATA[1595523051389===存储公共参数   currentChat值为：20190411200600001.]]>
            </line>
            <line>
              <![CDATA[1595523051389===存储公共参数   dialogId值为：2020031001985344.]]>
            </line>
            <line>
              <![CDATA[1595523051389===存储公共参数   result值为：[[]].]]>
            </line>
            <line>
              <![CDATA[1595523051389===存储公共参数   ItemId值为：null.]]>
            </line>
          </reporter-output>
        </test-method> <!-- apiTest -->
      </class> <!-- com.lianxin.ApiTest -->
    </test> <!-- 自动化测试用例 -->
  </suite> <!-- 接口自动化测试 -->
</testng-results>
